#
# There is insufficient memory for the Java Runtime Environment to continue.
# Native memory allocation (mmap) failed to map 139460608 bytes for Failed to commit area from 0x0000000096e00000 to 0x000000009f300000 of length 139460608.
# Possible reasons:
#   The system is out of physical RAM or swap space
#   The process is running with CompressedOops enabled, and the Java Heap may be blocking the growth of the native heap
# Possible solutions:
#   Reduce memory load on the system
#   Increase physical memory or swap space
#   Check if swap backing store is full
#   Decrease Java heap size (-Xmx/-Xms)
#   Decrease number of Java threads
#   Decrease Java thread stack sizes (-Xss)
#   Set larger code cache with -XX:ReservedCodeCacheSize=
#   JVM is running with Unscaled Compressed Oops mode in which the Java heap is
#     placed in the first 4GB address space. The Java Heap base address is the
#     maximum limit for the native heap growth. Please use -XX:HeapBaseMinAddress
#     to set the Java Heap base and to place the Java Heap above 4GB virtual address.
# This output file may be truncated or incomplete.
#
#  Out of Memory Error (./src/hotspot/os/windows/os_windows.cpp:3301), pid=49940, tid=30068
#
# JRE version: OpenJDK Runtime Environment (11.0.10) (build 11.0.10+0-b96-7249189)
# Java VM: OpenJDK 64-Bit Server VM (11.0.10+0-b96-7249189, mixed mode, tiered, compressed oops, g1 gc, windows-amd64)
# No core dump will be written. Minidumps are not enabled by default on client versions of Windows
#

---------------  S U M M A R Y ------------

Command Line: --add-opens=java.base/java.util=ALL-UNNAMED --add-opens=java.base/java.lang=ALL-UNNAMED --add-opens=java.base/java.lang.invoke=ALL-UNNAMED --add-opens=java.base/java.util=ALL-UNNAMED --add-opens=java.prefs/java.util.prefs=ALL-UNNAMED --add-opens=java.prefs/java.util.prefs=ALL-UNNAMED --add-opens=java.base/java.nio.charset=ALL-UNNAMED --add-opens=java.base/java.net=ALL-UNNAMED --add-opens=java.base/java.util.concurrent.atomic=ALL-UNNAMED -Xmx2048m -Dfile.encoding=UTF-8 -Duser.country=US -Duser.language=en -Duser.variant org.gradle.launcher.daemon.bootstrap.GradleDaemon 7.0.2

Host: Intel(R) Core(TM) i7-8750H CPU @ 2.20GHz, 12 cores, 15G,  Windows 10 , 64 bit Build 19041 (10.0.19041.1348)
Time: Tue Nov 30 18:03:44 2021 Central Standard Time elapsed time: 10.929351 seconds (0d 0h 0m 10s)

---------------  T H R E A D  ---------------

Current thread (0x000001995c02f000):  VMThread "VM Thread" [stack: 0x0000004bdcd00000,0x0000004bdce00000] [id=30068]

Stack: [0x0000004bdcd00000,0x0000004bdce00000]
[error occurred during error reporting (printing stack bounds), id 0xc0000005, EXCEPTION_ACCESS_VIOLATION (0xc0000005) at pc=0x00000199449d0f2d]

Native frames: (J=compiled Java code, j=interpreted, Vv=VM code, C=native code)
V  [jvm.dll+0x5ecfaa]
V  [jvm.dll+0x722bd5]
V  [jvm.dll+0x72412d]
V  [jvm.dll+0x724745]
V  [jvm.dll+0x7246fb]
V  [jvm.dll+0x5ec348]
V  [jvm.dll+0x5ecad8]
C  [ntdll.dll+0xa20cf]
C  [ntdll.dll+0x51454]
C  [ntdll.dll+0xa0bfe]
C  0x00000199449d0f2d

VM_Operation (0x0000004be07f8ea0): G1CollectForAllocation, mode: safepoint, requested by thread 0x0000019961c8c000


---------------  P R O C E S S  ---------------

Threads class SMR info:
_java_thread_list=0x000001995c6e5470, length=74, elements={
0x0000019940edd000, 0x000001995c033000, 0x000001995c03c800, 0x000001995c08f800,
0x000001995c090800, 0x000001995c095000, 0x000001995c098000, 0x000001995c099000,
0x000001995c09e000, 0x000001995c217000, 0x000001995e6f5800, 0x000001995e6f6000,
0x000001995e6f7000, 0x000001995e6f4800, 0x000001995e6f8000, 0x000001995e6f2000,
0x000001995e6f8800, 0x000001995dc02800, 0x000001995e6f3000, 0x000001995e6f4000,
0x000001995e0a6000, 0x000001995e0a3800, 0x000001995e0a4800, 0x000001995e0a7800,
0x000001995e0aa000, 0x000001995e0a9000, 0x000001995e0ab000, 0x000001995e0a8800,
0x000001995e0a7000, 0x000001995e0a5000, 0x000001995e0ae000, 0x0000019961a14000,
0x000001995e0b0800, 0x000001995e0ac800, 0x000001995e0ad800, 0x000001995e0ab800,
0x000001995e0af800, 0x000001995e0b2000, 0x0000019961c8e000, 0x0000019961c88000,
0x0000019961c89000, 0x0000019961c8e800, 0x0000019961c8a800, 0x0000019961c8f800,
0x0000019961c89800, 0x0000019961c90000, 0x0000019961c8c000, 0x0000019961c91000,
0x0000019961c8b800, 0x0000019961c92800, 0x0000019961c92000, 0x0000019961c8d000,
0x0000019961c95000, 0x0000019961c93800, 0x0000019961c96000, 0x0000019961c97000,
0x0000019961c94800, 0x0000019961668800, 0x000001996166b000, 0x000001996166b800,
0x0000019961669000, 0x000001996166d000, 0x000001996166f800, 0x000001996166e000,
0x000001996166a000, 0x0000019961672000, 0x0000019961675800, 0x0000019961673800,
0x0000019961674800, 0x0000019961670800, 0x0000019961676000, 0x0000019961677000,
0x0000019961671800, 0x0000019961673000
}

Java Threads: ( => current thread )
  0x0000019940edd000 JavaThread "main" [_thread_blocked, id=23376, stack(0x0000004bdc700000,0x0000004bdc800000)]
  0x000001995c033000 JavaThread "Reference Handler" daemon [_thread_blocked, id=42444, stack(0x0000004bdce00000,0x0000004bdcf00000)]
  0x000001995c03c800 JavaThread "Finalizer" daemon [_thread_blocked, id=50076, stack(0x0000004bdcf00000,0x0000004bdd000000)]
  0x000001995c08f800 JavaThread "Signal Dispatcher" daemon [_thread_blocked, id=9928, stack(0x0000004bdd000000,0x0000004bdd100000)]
  0x000001995c090800 JavaThread "Attach Listener" daemon [_thread_blocked, id=47480, stack(0x0000004bdd100000,0x0000004bdd200000)]
  0x000001995c095000 JavaThread "Service Thread" daemon [_thread_blocked, id=22832, stack(0x0000004bdd200000,0x0000004bdd300000)]
  0x000001995c098000 JavaThread "C2 CompilerThread0" daemon [_thread_blocked, id=42680, stack(0x0000004bdd300000,0x0000004bdd400000)]
  0x000001995c099000 JavaThread "C1 CompilerThread0" daemon [_thread_blocked, id=31292, stack(0x0000004bdd400000,0x0000004bdd500000)]
  0x000001995c09e000 JavaThread "Sweeper thread" daemon [_thread_blocked, id=14204, stack(0x0000004bdd500000,0x0000004bdd600000)]
  0x000001995c217000 JavaThread "Common-Cleaner" daemon [_thread_blocked, id=45488, stack(0x0000004bdd600000,0x0000004bdd700000)]
  0x000001995e6f5800 JavaThread "Daemon health stats" [_thread_blocked, id=28584, stack(0x0000004bddf00000,0x0000004bde000000)]
  0x000001995e6f6000 JavaThread "Incoming local TCP Connector on port 59279" [_thread_in_native, id=38672, stack(0x0000004bdd800000,0x0000004bdd900000)]
  0x000001995e6f7000 JavaThread "Daemon periodic checks" [_thread_blocked, id=2064, stack(0x0000004bdd900000,0x0000004bdda00000)]
  0x000001995e6f4800 JavaThread "Daemon" [_thread_blocked, id=27276, stack(0x0000004bde000000,0x0000004bde100000)]
  0x000001995e6f8000 JavaThread "Handler for socket connection from /127.0.0.1:59279 to /127.0.0.1:59280" [_thread_in_native, id=49404, stack(0x0000004bde100000,0x0000004bde200000)]
  0x000001995e6f2000 JavaThread "Cancel handler" [_thread_blocked, id=39648, stack(0x0000004bde200000,0x0000004bde300000)]
  0x000001995e6f8800 JavaThread "Daemon worker" [_thread_blocked, id=26204, stack(0x0000004bde300000,0x0000004bde400000)]
  0x000001995dc02800 JavaThread "C2 CompilerThread1" daemon [_thread_blocked, id=21080, stack(0x0000004bde400000,0x0000004bde500000)]
  0x000001995e6f3000 JavaThread "Asynchronous log dispatcher for DefaultDaemonConnection: socket connection from /127.0.0.1:59279 to /127.0.0.1:59280" [_thread_blocked, id=3716, stack(0x0000004bde500000,0x0000004bde600000)]
  0x000001995e6f4000 JavaThread "Stdin handler" [_thread_blocked, id=17740, stack(0x0000004bde600000,0x0000004bde700000)]
  0x000001995e0a6000 JavaThread "Daemon client event forwarder" [_thread_blocked, id=43064, stack(0x0000004bde700000,0x0000004bde800000)]
  0x000001995e0a3800 JavaThread "Cache worker for file hash cache (C:\Users\ktich\.gradle\caches\7.0.2\fileHashes)" [_thread_blocked, id=38364, stack(0x0000004bde800000,0x0000004bde900000)]
  0x000001995e0a4800 JavaThread "File lock request listener" [_thread_in_native, id=11760, stack(0x0000004bde900000,0x0000004bdea00000)]
  0x000001995e0a7800 JavaThread "Cache worker for journal cache (C:\Users\ktich\.gradle\caches\journal-1)" [_thread_blocked, id=21316, stack(0x0000004bdf000000,0x0000004bdf100000)]
  0x000001995e0aa000 JavaThread "Cache worker for file hash cache (D:\Documents\Red_River\term_5\Mobile App Development\Project\Character Generator App\.gradle\7.0.2\fileHashes)" [_thread_blocked, id=37384, stack(0x0000004bdf100000,0x0000004bdf200000)]
  0x000001995e0a9000 JavaThread "File watcher server" daemon [_thread_blocked, id=17488, stack(0x0000004bdf200000,0x0000004bdf300000)]
  0x000001995e0ab000 JavaThread "File watcher consumer" daemon [_thread_blocked, id=46336, stack(0x0000004bdf300000,0x0000004bdf400000)]
  0x000001995e0a8800 JavaThread "Cache worker for checksums cache (D:\Documents\Red_River\term_5\Mobile App Development\Project\Character Generator App\.gradle\checksums)" [_thread_blocked, id=41000, stack(0x0000004bdf400000,0x0000004bdf500000)]
  0x000001995e0a7000 JavaThread "Cache worker for cache directory md-supplier (C:\Users\ktich\.gradle\caches\7.0.2\md-supplier)" [_thread_blocked, id=10640, stack(0x0000004bdf500000,0x0000004bdf600000)]
  0x000001995e0a5000 JavaThread "Cache worker for cache directory md-rule (C:\Users\ktich\.gradle\caches\7.0.2\md-rule)" [_thread_blocked, id=39260, stack(0x0000004bdf600000,0x0000004bdf700000)]
  0x000001995e0ae000 JavaThread "Cache worker for execution history cache (C:\Users\ktich\.gradle\caches\7.0.2\executionHistory)" [_thread_blocked, id=18696, stack(0x0000004bdf700000,0x0000004bdf800000)]
  0x0000019961a14000 JavaThread "C2 CompilerThread2" daemon [_thread_blocked, id=2812, stack(0x0000004bdf800000,0x0000004bdf900000)]
  0x000001995e0b0800 JavaThread "jar transforms" [_thread_blocked, id=3548, stack(0x0000004bdf900000,0x0000004bdfa00000)]
  0x000001995e0ac800 JavaThread "jar transforms Thread 2" [_thread_blocked, id=5380, stack(0x0000004bdfa00000,0x0000004bdfb00000)]
  0x000001995e0ad800 JavaThread "Cache worker for file content cache (C:\Users\ktich\.gradle\caches\7.0.2\fileContent)" [_thread_blocked, id=10784, stack(0x0000004bdfb00000,0x0000004bdfc00000)]
  0x000001995e0ab800 JavaThread "Cache worker for dependencies-accessors (D:\Documents\Red_River\term_5\Mobile App Development\Project\Character Generator App\.gradle\7.0.2\dependencies-accessors)" [_thread_blocked, id=26360, stack(0x0000004bdfc00000,0x0000004bdfd00000)]
  0x000001995e0af800 JavaThread "jar transforms Thread 3" [_thread_blocked, id=21892, stack(0x0000004bdfd00000,0x0000004bdfe00000)]
  0x000001995e0b2000 JavaThread "Cache worker for Build Output Cleanup Cache (D:\Documents\Red_River\term_5\Mobile App Development\Project\Character Generator App\.gradle\buildOutputCleanup)" [_thread_blocked, id=27972, stack(0x0000004bdfe00000,0x0000004bdff00000)]
  0x0000019961c8e000 JavaThread "Build operations" [_thread_blocked, id=45700, stack(0x0000004bdff00000,0x0000004be0000000)]
  0x0000019961c88000 JavaThread "Build operations Thread 2" [_thread_blocked, id=31044, stack(0x0000004be0000000,0x0000004be0100000)]
  0x0000019961c89000 JavaThread "Build operations Thread 3" [_thread_blocked, id=43160, stack(0x0000004be0100000,0x0000004be0200000)]
  0x0000019961c8e800 JavaThread "Build operations Thread 4" [_thread_blocked, id=27464, stack(0x0000004be0200000,0x0000004be0300000)]
  0x0000019961c8a800 JavaThread "Build operations Thread 5" [_thread_blocked, id=24960, stack(0x0000004be0300000,0x0000004be0400000)]
  0x0000019961c8f800 JavaThread "Build operations Thread 6" [_thread_blocked, id=42968, stack(0x0000004be0400000,0x0000004be0500000)]
  0x0000019961c89800 JavaThread "Build operations Thread 7" [_thread_blocked, id=43924, stack(0x0000004be0500000,0x0000004be0600000)]
  0x0000019961c90000 JavaThread "Build operations Thread 8" [_thread_blocked, id=31120, stack(0x0000004be0600000,0x0000004be0700000)]
  0x0000019961c8c000 JavaThread "Build operations Thread 9" [_thread_blocked, id=9888, stack(0x0000004be0700000,0x0000004be0800000)]
  0x0000019961c91000 JavaThread "Build operations Thread 10" [_thread_blocked, id=12652, stack(0x0000004be0800000,0x0000004be0900000)]
  0x0000019961c8b800 JavaThread "Build operations Thread 11" [_thread_blocked, id=14440, stack(0x0000004be0900000,0x0000004be0a00000)]
  0x0000019961c92800 JavaThread "Build operations Thread 12" [_thread_blocked, id=42628, stack(0x0000004be0a00000,0x0000004be0b00000)]
  0x0000019961c92000 JavaThread "jar transforms Thread 4" [_thread_blocked, id=9240, stack(0x0000004be0b00000,0x0000004be0c00000)]
  0x0000019961c8d000 JavaThread "jar transforms Thread 5" [_thread_blocked, id=22504, stack(0x0000004be0c00000,0x0000004be0d00000)]
  0x0000019961c95000 JavaThread "jar transforms Thread 6" [_thread_blocked, id=39864, stack(0x0000004be0d00000,0x0000004be0e00000)]
  0x0000019961c93800 JavaThread "jar transforms Thread 7" [_thread_blocked, id=48088, stack(0x0000004be0e00000,0x0000004be0f00000)]
  0x0000019961c96000 JavaThread "jar transforms Thread 8" [_thread_blocked, id=18040, stack(0x0000004be0f00000,0x0000004be1000000)]
  0x0000019961c97000 JavaThread "jar transforms Thread 9" [_thread_blocked, id=50436, stack(0x0000004be1000000,0x0000004be1100000)]
  0x0000019961c94800 JavaThread "jar transforms Thread 10" [_thread_blocked, id=43580, stack(0x0000004be1100000,0x0000004be1200000)]
  0x0000019961668800 JavaThread "jar transforms Thread 11" [_thread_blocked, id=12400, stack(0x0000004be1200000,0x0000004be1300000)]
  0x000001996166b000 JavaThread "jar transforms Thread 12" [_thread_blocked, id=6236, stack(0x0000004be1300000,0x0000004be1400000)]
  0x000001996166b800 JavaThread "Memory manager" [_thread_blocked, id=16440, stack(0x0000004be1400000,0x0000004be1500000)]
  0x0000019961669000 JavaThread "build event listener" [_thread_blocked, id=17272, stack(0x0000004be1500000,0x0000004be1600000)]
  0x000001996166d000 JavaThread "Execution worker for ':'" [_thread_blocked, id=38136, stack(0x0000004be1600000,0x0000004be1700000)]
  0x000001996166f800 JavaThread "Execution worker for ':' Thread 2" [_thread_blocked, id=20428, stack(0x0000004be1700000,0x0000004be1800000)]
  0x000001996166e000 JavaThread "Execution worker for ':' Thread 3" [_thread_blocked, id=31516, stack(0x0000004be1800000,0x0000004be1900000)]
  0x000001996166a000 JavaThread "Execution worker for ':' Thread 4" [_thread_blocked, id=43448, stack(0x0000004be1900000,0x0000004be1a00000)]
  0x0000019961672000 JavaThread "Execution worker for ':' Thread 5" [_thread_blocked, id=38524, stack(0x0000004be1a00000,0x0000004be1b00000)]
  0x0000019961675800 JavaThread "Execution worker for ':' Thread 6" [_thread_blocked, id=10584, stack(0x0000004be1b00000,0x0000004be1c00000)]
  0x0000019961673800 JavaThread "Execution worker for ':' Thread 7" [_thread_blocked, id=42148, stack(0x0000004be1c00000,0x0000004be1d00000)]
  0x0000019961674800 JavaThread "Execution worker for ':' Thread 8" [_thread_blocked, id=49600, stack(0x0000004be1d00000,0x0000004be1e00000)]
  0x0000019961670800 JavaThread "Execution worker for ':' Thread 9" [_thread_blocked, id=17308, stack(0x0000004be1e00000,0x0000004be1f00000)]
  0x0000019961676000 JavaThread "Execution worker for ':' Thread 10" [_thread_blocked, id=21848, stack(0x0000004be1f00000,0x0000004be2000000)]
  0x0000019961677000 JavaThread "Execution worker for ':' Thread 11" [_thread_blocked, id=15024, stack(0x0000004be2000000,0x0000004be2100000)]
  0x0000019961671800 JavaThread "Cache worker for execution history cache (D:\Documents\Red_River\term_5\Mobile App Development\Project\Character Generator App\.gradle\7.0.2\executionHistory)" [_thread_blocked, id=608, stack(0x0000004be2100000,0x0000004be2200000)]
  0x0000019961673000 JavaThread "WorkerExecutor Queue" [_thread_blocked, id=46668, stack(0x0000004be2200000,0x0000004be2300000)]

Other Threads:
=>0x000001995c02f000 VMThread "VM Thread" [stack: 0x0000004bdcd00000,0x0000004bdce00000] [id=30068]
  0x000001995c234000 WatcherThread [stack: 0x0000004bdd700000,0x0000004bdd800000] [id=18812]
  0x0000019940ef7800 GCTaskThread "GC Thread#0" [stack: 0x0000004bdc800000,0x0000004bdc900000] [id=44520]
  0x000001995cea2000 GCTaskThread "GC Thread#1" [stack: 0x0000004bdda00000,0x0000004bddb00000] [id=41288]
  0x000001995d242800 GCTaskThread "GC Thread#2" [stack: 0x0000004bddb00000,0x0000004bddc00000] [id=39052]
  0x000001995d0ac800 GCTaskThread "GC Thread#3" [stack: 0x0000004bddc00000,0x0000004bddd00000] [id=34176]
  0x000001995ceed800 GCTaskThread "GC Thread#4" [stack: 0x0000004bddd00000,0x0000004bdde00000] [id=15528]
  0x000001995d1de800 GCTaskThread "GC Thread#5" [stack: 0x0000004bdde00000,0x0000004bddf00000] [id=45280]
  0x000001995e4e0000 GCTaskThread "GC Thread#6" [stack: 0x0000004bdea00000,0x0000004bdeb00000] [id=3576]
  0x000001995d704800 GCTaskThread "GC Thread#7" [stack: 0x0000004bdeb00000,0x0000004bdec00000] [id=22452]
  0x000001995ead8800 GCTaskThread "GC Thread#8" [stack: 0x0000004bdec00000,0x0000004bded00000] [id=50452]
  0x000001995e50d800 GCTaskThread "GC Thread#9" [stack: 0x0000004bded00000,0x0000004bdee00000] [id=35864]
  0x0000019940f28800 ConcurrentGCThread "G1 Main Marker" [stack: 0x0000004bdc900000,0x0000004bdca00000] [id=36648]
  0x0000019940f29800 ConcurrentGCThread "G1 Conc#0" [stack: 0x0000004bdca00000,0x0000004bdcb00000] [id=24592]
  0x000001995ea80800 ConcurrentGCThread "G1 Conc#1" [stack: 0x0000004bdee00000,0x0000004bdef00000] [id=40676]
  0x000001995ea81000 ConcurrentGCThread "G1 Conc#2" [stack: 0x0000004bdef00000,0x0000004bdf000000] [id=12064]
  0x000001995b67d800 ConcurrentGCThread "G1 Refine#0" [stack: 0x0000004bdcb00000,0x0000004bdcc00000] [id=42764]
  0x000001996ca11800 ConcurrentGCThread "G1 Refine#1" [stack: 0x0000004be2300000,0x0000004be2400000] [id=50372]
  0x000001996be87800 ConcurrentGCThread "G1 Refine#2" [stack: 0x0000004be2400000,0x0000004be2500000] [id=13304]
  0x000001996cc02800 ConcurrentGCThread "G1 Refine#3" [stack: 0x0000004be2500000,0x0000004be2600000] [id=29120]
  0x00000199672fa800 ConcurrentGCThread "G1 Refine#4" [stack: 0x0000004be2600000,0x0000004be2700000] [id=20488]
  0x000001996ca75000 ConcurrentGCThread "G1 Refine#5" [stack: 0x0000004be2700000,0x0000004be2800000] [id=18616]
  0x000001995b67e800 ConcurrentGCThread "G1 Young RemSet Sampling" [stack: 0x0000004bdcc00000,0x0000004bdcd00000] [id=45780]

Threads with active compile tasks:
C2 CompilerThread0  10945 14228       4       com.android.tools.r8.internal.Le::a (1137 bytes)
C1 CompilerThread0  10945 14583   !   2       com.android.tools.r8.graph.j0$m::c (49 bytes)
C2 CompilerThread1  10945 14560 %     4       com.android.tools.r8.internal.ja::a @ 664 (1420 bytes)
C2 CompilerThread2  10945 13159       4       com.android.tools.r8.internal.UC::b (682 bytes)

VM state:at safepoint (normal execution)

VM Mutex/Monitor currently owned by a thread:  ([mutex/lock_event])
[0x0000019940eda700] Threads_lock - owner thread: 0x000001995c02f000
[0x0000019940edbfc0] Heap_lock - owner thread: 0x0000019961c8c000

Heap address: 0x0000000080000000, size: 2048 MB, Compressed Oops mode: 32-bit
Narrow klass base: 0x0000000000000000, Narrow klass shift: 3
Compressed class space size: 1073741824 Address: 0x0000000100000000

Heap:
 garbage-first heap   total 510976K, used 137599K [0x0000000080000000, 0x0000000100000000)
  region size 1024K, 12 young (12288K), 12 survivors (12288K)
 Metaspace       used 98489K, capacity 101136K, committed 103296K, reserved 1138688K
  class space    used 12889K, capacity 13921K, committed 14796K, reserved 1048576K
Heap Regions: E=young(eden), S=young(survivor), O=old, HS=humongous(starts), HC=humongous(continues), CS=collection set, F=free, A=archive, TAMS=top-at-mark-start (previous, next)
|   0|0x0000000080000000, 0x0000000080100000, 0x0000000080100000|100%| O|  |TAMS 0x0000000080100000, 0x0000000080000000| Untracked 
|   1|0x0000000080100000, 0x0000000080200000, 0x0000000080200000|100%| O|  |TAMS 0x0000000080200000, 0x0000000080100000| Untracked 
|   2|0x0000000080200000, 0x0000000080300000, 0x0000000080300000|100%| O|  |TAMS 0x0000000080300000, 0x0000000080200000| Untracked 
|   3|0x0000000080300000, 0x0000000080400000, 0x0000000080400000|100%|HS|  |TAMS 0x0000000080400000, 0x0000000080300000| Complete 
|   4|0x0000000080400000, 0x0000000080500000, 0x0000000080500000|100%|HC|  |TAMS 0x0000000080500000, 0x0000000080400000| Complete 
|   5|0x0000000080500000, 0x0000000080600000, 0x0000000080600000|100%|HC|  |TAMS 0x0000000080600000, 0x0000000080500000| Complete 
|   6|0x0000000080600000, 0x0000000080700000, 0x0000000080700000|100%| O|  |TAMS 0x0000000080700000, 0x0000000080600000| Untracked 
|   7|0x0000000080700000, 0x0000000080800000, 0x0000000080800000|100%| O|  |TAMS 0x0000000080800000, 0x0000000080700000| Untracked 
|   8|0x0000000080800000, 0x0000000080900000, 0x0000000080900000|100%| O|  |TAMS 0x0000000080900000, 0x0000000080800000| Untracked 
|   9|0x0000000080900000, 0x0000000080a00000, 0x0000000080a00000|100%| O|  |TAMS 0x0000000080a00000, 0x0000000080900000| Untracked 
|  10|0x0000000080a00000, 0x0000000080b00000, 0x0000000080b00000|100%| O|  |TAMS 0x0000000080b00000, 0x0000000080a00000| Untracked 
|  11|0x0000000080b00000, 0x0000000080c00000, 0x0000000080c00000|100%| O|  |TAMS 0x0000000080c00000, 0x0000000080b00000| Untracked 
|  12|0x0000000080c00000, 0x0000000080d00000, 0x0000000080d00000|100%| O|  |TAMS 0x0000000080d00000, 0x0000000080c00000| Untracked 
|  13|0x0000000080d00000, 0x0000000080e00000, 0x0000000080e00000|100%| O|  |TAMS 0x0000000080e00000, 0x0000000080d00000| Untracked 
|  14|0x0000000080e00000, 0x0000000080f00000, 0x0000000080f00000|100%| O|  |TAMS 0x0000000080f00000, 0x0000000080e00000| Untracked 
|  15|0x0000000080f00000, 0x0000000081000000, 0x0000000081000000|100%| O|  |TAMS 0x0000000081000000, 0x0000000080f00000| Untracked 
|  16|0x0000000081000000, 0x0000000081100000, 0x0000000081100000|100%| O|  |TAMS 0x0000000081100000, 0x0000000081000000| Untracked 
|  17|0x0000000081100000, 0x0000000081200000, 0x0000000081200000|100%|HS|  |TAMS 0x0000000081200000, 0x0000000081100000| Complete 
|  18|0x0000000081200000, 0x0000000081300000, 0x0000000081300000|100%|HS|  |TAMS 0x0000000081300000, 0x0000000081200000| Complete 
|  19|0x0000000081300000, 0x0000000081400000, 0x0000000081400000|100%|HS|  |TAMS 0x0000000081400000, 0x0000000081300000| Complete 
|  20|0x0000000081400000, 0x0000000081500000, 0x0000000081500000|100%|HC|  |TAMS 0x0000000081500000, 0x0000000081400000| Complete 
|  21|0x0000000081500000, 0x0000000081600000, 0x0000000081600000|100%| O|  |TAMS 0x0000000081600000, 0x0000000081500000| Untracked 
|  22|0x0000000081600000, 0x0000000081700000, 0x0000000081700000|100%| O|  |TAMS 0x0000000081700000, 0x0000000081600000| Untracked 
|  23|0x0000000081700000, 0x0000000081800000, 0x0000000081800000|100%| O|  |TAMS 0x0000000081800000, 0x0000000081700000| Untracked 
|  24|0x0000000081800000, 0x0000000081900000, 0x0000000081900000|100%| O|  |TAMS 0x0000000081900000, 0x0000000081800000| Untracked 
|  25|0x0000000081900000, 0x0000000081a00000, 0x0000000081a00000|100%| O|  |TAMS 0x0000000081a00000, 0x0000000081900000| Untracked 
|  26|0x0000000081a00000, 0x0000000081b00000, 0x0000000081b00000|100%| O|  |TAMS 0x0000000081b00000, 0x0000000081a00000| Untracked 
|  27|0x0000000081b00000, 0x0000000081c00000, 0x0000000081c00000|100%| O|  |TAMS 0x0000000081c00000, 0x0000000081b00000| Untracked 
|  28|0x0000000081c00000, 0x0000000081d00000, 0x0000000081d00000|100%| O|  |TAMS 0x0000000081d00000, 0x0000000081c00000| Untracked 
|  29|0x0000000081d00000, 0x0000000081e00000, 0x0000000081e00000|100%| O|  |TAMS 0x0000000081e00000, 0x0000000081d00000| Untracked 
|  30|0x0000000081e00000, 0x0000000081f00000, 0x0000000081f00000|100%| O|  |TAMS 0x0000000081f00000, 0x0000000081e00000| Untracked 
|  31|0x0000000081f00000, 0x0000000082000000, 0x0000000082000000|100%| O|  |TAMS 0x0000000082000000, 0x0000000081f00000| Untracked 
|  32|0x0000000082000000, 0x0000000082100000, 0x0000000082100000|100%| O|  |TAMS 0x0000000082100000, 0x0000000082000000| Untracked 
|  33|0x0000000082100000, 0x0000000082200000, 0x0000000082200000|100%| O|  |TAMS 0x0000000082200000, 0x0000000082100000| Untracked 
|  34|0x0000000082200000, 0x0000000082300000, 0x0000000082300000|100%| O|  |TAMS 0x0000000082300000, 0x0000000082200000| Untracked 
|  35|0x0000000082300000, 0x0000000082400000, 0x0000000082400000|100%| O|  |TAMS 0x0000000082400000, 0x0000000082300000| Untracked 
|  36|0x0000000082400000, 0x0000000082500000, 0x0000000082500000|100%| O|  |TAMS 0x0000000082500000, 0x0000000082400000| Untracked 
|  37|0x0000000082500000, 0x0000000082600000, 0x0000000082600000|100%| O|  |TAMS 0x0000000082600000, 0x0000000082500000| Untracked 
|  38|0x0000000082600000, 0x0000000082700000, 0x0000000082700000|100%| O|  |TAMS 0x0000000082700000, 0x0000000082600000| Untracked 
|  39|0x0000000082700000, 0x0000000082800000, 0x0000000082800000|100%| O|  |TAMS 0x0000000082800000, 0x0000000082700000| Untracked 
|  40|0x0000000082800000, 0x0000000082900000, 0x0000000082900000|100%| O|  |TAMS 0x0000000082900000, 0x0000000082800000| Untracked 
|  41|0x0000000082900000, 0x0000000082a00000, 0x0000000082a00000|100%| O|  |TAMS 0x0000000082a00000, 0x0000000082900000| Untracked 
|  42|0x0000000082a00000, 0x0000000082b00000, 0x0000000082b00000|100%| O|  |TAMS 0x0000000082b00000, 0x0000000082a00000| Untracked 
|  43|0x0000000082b00000, 0x0000000082c00000, 0x0000000082c00000|100%| O|  |TAMS 0x0000000082c00000, 0x0000000082b00000| Untracked 
|  44|0x0000000082c00000, 0x0000000082d00000, 0x0000000082d00000|100%| O|  |TAMS 0x0000000082d00000, 0x0000000082c00000| Untracked 
|  45|0x0000000082d00000, 0x0000000082e00000, 0x0000000082e00000|100%| O|  |TAMS 0x0000000082e00000, 0x0000000082d00000| Untracked 
|  46|0x0000000082e00000, 0x0000000082f00000, 0x0000000082f00000|100%| O|  |TAMS 0x0000000082f00000, 0x0000000082e00000| Untracked 
|  47|0x0000000082f00000, 0x0000000083000000, 0x0000000083000000|100%| O|  |TAMS 0x0000000083000000, 0x0000000082f00000| Untracked 
|  48|0x0000000083000000, 0x0000000083100000, 0x0000000083100000|100%| O|  |TAMS 0x0000000083100000, 0x0000000083000000| Untracked 
|  49|0x0000000083100000, 0x0000000083200000, 0x0000000083200000|100%| O|  |TAMS 0x0000000083200000, 0x0000000083100000| Untracked 
|  50|0x0000000083200000, 0x0000000083300000, 0x0000000083300000|100%| O|  |TAMS 0x0000000083300000, 0x0000000083200000| Untracked 
|  51|0x0000000083300000, 0x0000000083400000, 0x0000000083400000|100%| O|  |TAMS 0x0000000083400000, 0x0000000083300000| Untracked 
|  52|0x0000000083400000, 0x0000000083500000, 0x0000000083500000|100%| O|  |TAMS 0x0000000083500000, 0x0000000083400000| Untracked 
|  53|0x0000000083500000, 0x0000000083600000, 0x0000000083600000|100%| O|  |TAMS 0x0000000083600000, 0x0000000083500000| Untracked 
|  54|0x0000000083600000, 0x0000000083700000, 0x0000000083700000|100%| O|  |TAMS 0x0000000083700000, 0x0000000083600000| Untracked 
|  55|0x0000000083700000, 0x0000000083800000, 0x0000000083800000|100%| O|  |TAMS 0x0000000083800000, 0x0000000083700000| Untracked 
|  56|0x0000000083800000, 0x0000000083900000, 0x0000000083900000|100%| O|  |TAMS 0x0000000083900000, 0x0000000083800000| Untracked 
|  57|0x0000000083900000, 0x0000000083a00000, 0x0000000083a00000|100%| O|  |TAMS 0x0000000083a00000, 0x0000000083900000| Untracked 
|  58|0x0000000083a00000, 0x0000000083b00000, 0x0000000083b00000|100%| O|  |TAMS 0x0000000083b00000, 0x0000000083a00000| Untracked 
|  59|0x0000000083b00000, 0x0000000083c00000, 0x0000000083c00000|100%| O|  |TAMS 0x0000000083c00000, 0x0000000083b00000| Untracked 
|  60|0x0000000083c00000, 0x0000000083d00000, 0x0000000083d00000|100%| O|  |TAMS 0x0000000083d00000, 0x0000000083c00000| Untracked 
|  61|0x0000000083d00000, 0x0000000083e00000, 0x0000000083e00000|100%| O|  |TAMS 0x0000000083e00000, 0x0000000083d00000| Untracked 
|  62|0x0000000083e00000, 0x0000000083f00000, 0x0000000083f00000|100%| O|  |TAMS 0x0000000083f00000, 0x0000000083e00000| Untracked 
|  63|0x0000000083f00000, 0x0000000084000000, 0x0000000084000000|100%| O|  |TAMS 0x0000000084000000, 0x0000000083f00000| Untracked 
|  64|0x0000000084000000, 0x0000000084100000, 0x0000000084100000|100%| O|  |TAMS 0x0000000084100000, 0x0000000084000000| Untracked 
|  65|0x0000000084100000, 0x0000000084200000, 0x0000000084200000|100%| O|  |TAMS 0x0000000084200000, 0x0000000084100000| Untracked 
|  66|0x0000000084200000, 0x0000000084300000, 0x0000000084300000|100%| O|  |TAMS 0x0000000084300000, 0x0000000084200000| Untracked 
|  67|0x0000000084300000, 0x0000000084400000, 0x0000000084400000|100%| O|  |TAMS 0x0000000084400000, 0x0000000084300000| Untracked 
|  68|0x0000000084400000, 0x0000000084500000, 0x0000000084500000|100%| O|  |TAMS 0x0000000084500000, 0x0000000084400000| Untracked 
|  69|0x0000000084500000, 0x0000000084600000, 0x0000000084600000|100%| O|  |TAMS 0x0000000084600000, 0x0000000084500000| Untracked 
|  70|0x0000000084600000, 0x0000000084700000, 0x0000000084700000|100%| O|  |TAMS 0x0000000084700000, 0x0000000084600000| Untracked 
|  71|0x0000000084700000, 0x0000000084800000, 0x0000000084800000|100%| O|  |TAMS 0x0000000084800000, 0x0000000084700000| Untracked 
|  72|0x0000000084800000, 0x0000000084900000, 0x0000000084900000|100%| O|  |TAMS 0x0000000084900000, 0x0000000084800000| Untracked 
|  73|0x0000000084900000, 0x0000000084a00000, 0x0000000084a00000|100%| O|  |TAMS 0x0000000084a00000, 0x0000000084900000| Untracked 
|  74|0x0000000084a00000, 0x0000000084b00000, 0x0000000084b00000|100%| O|  |TAMS 0x0000000084b00000, 0x0000000084a00000| Untracked 
|  75|0x0000000084b00000, 0x0000000084c00000, 0x0000000084c00000|100%| O|  |TAMS 0x0000000084c00000, 0x0000000084b00000| Untracked 
|  76|0x0000000084c00000, 0x0000000084d00000, 0x0000000084d00000|100%| O|  |TAMS 0x0000000084d00000, 0x0000000084c00000| Untracked 
|  77|0x0000000084d00000, 0x0000000084e00000, 0x0000000084e00000|100%| O|  |TAMS 0x0000000084e00000, 0x0000000084d00000| Untracked 
|  78|0x0000000084e00000, 0x0000000084f00000, 0x0000000084f00000|100%| O|  |TAMS 0x0000000084f00000, 0x0000000084e00000| Untracked 
|  79|0x0000000084f00000, 0x0000000085000000, 0x0000000085000000|100%| O|  |TAMS 0x0000000085000000, 0x0000000084f00000| Untracked 
|  80|0x0000000085000000, 0x0000000085100000, 0x0000000085100000|100%| O|  |TAMS 0x0000000085100000, 0x0000000085000000| Untracked 
|  81|0x0000000085100000, 0x0000000085200000, 0x0000000085200000|100%| O|  |TAMS 0x0000000085200000, 0x0000000085100000| Untracked 
|  82|0x0000000085200000, 0x0000000085300000, 0x0000000085300000|100%| O|  |TAMS 0x0000000085300000, 0x0000000085200000| Untracked 
|  83|0x0000000085300000, 0x0000000085400000, 0x0000000085400000|100%| O|  |TAMS 0x0000000085400000, 0x0000000085300000| Untracked 
|  84|0x0000000085400000, 0x0000000085500000, 0x0000000085500000|100%| O|  |TAMS 0x0000000085500000, 0x0000000085400000| Untracked 
|  85|0x0000000085500000, 0x0000000085600000, 0x0000000085600000|100%| O|  |TAMS 0x0000000085600000, 0x0000000085500000| Untracked 
|  86|0x0000000085600000, 0x0000000085700000, 0x0000000085700000|100%| O|  |TAMS 0x0000000085700000, 0x0000000085600000| Untracked 
|  87|0x0000000085700000, 0x0000000085800000, 0x0000000085800000|100%| O|  |TAMS 0x0000000085800000, 0x0000000085700000| Untracked 
|  88|0x0000000085800000, 0x0000000085900000, 0x0000000085900000|100%| O|  |TAMS 0x0000000085900000, 0x0000000085800000| Untracked 
|  89|0x0000000085900000, 0x0000000085a00000, 0x0000000085a00000|100%| O|  |TAMS 0x0000000085a00000, 0x0000000085900000| Untracked 
|  90|0x0000000085a00000, 0x0000000085b00000, 0x0000000085b00000|100%| O|  |TAMS 0x0000000085b00000, 0x0000000085a00000| Untracked 
|  91|0x0000000085b00000, 0x0000000085c00000, 0x0000000085c00000|100%| O|  |TAMS 0x0000000085c00000, 0x0000000085b00000| Untracked 
|  92|0x0000000085c00000, 0x0000000085d00000, 0x0000000085d00000|100%| O|  |TAMS 0x0000000085d00000, 0x0000000085c00000| Untracked 
|  93|0x0000000085d00000, 0x0000000085e00000, 0x0000000085e00000|100%| O|  |TAMS 0x0000000085e00000, 0x0000000085d00000| Untracked 
|  94|0x0000000085e00000, 0x0000000085f00000, 0x0000000085f00000|100%| O|  |TAMS 0x0000000085f00000, 0x0000000085e00000| Untracked 
|  95|0x0000000085f00000, 0x0000000086000000, 0x0000000086000000|100%| O|  |TAMS 0x0000000086000000, 0x0000000085f00000| Untracked 
|  96|0x0000000086000000, 0x0000000086100000, 0x0000000086100000|100%| O|  |TAMS 0x0000000086100000, 0x0000000086000000| Untracked 
|  97|0x0000000086100000, 0x0000000086200000, 0x0000000086200000|100%| O|  |TAMS 0x0000000086200000, 0x0000000086100000| Untracked 
|  98|0x0000000086200000, 0x0000000086300000, 0x0000000086300000|100%| O|  |TAMS 0x0000000086300000, 0x0000000086200000| Untracked 
|  99|0x0000000086300000, 0x0000000086400000, 0x0000000086400000|100%| O|  |TAMS 0x0000000086400000, 0x0000000086300000| Untracked 
| 100|0x0000000086400000, 0x0000000086500000, 0x0000000086500000|100%| O|  |TAMS 0x0000000086500000, 0x0000000086400000| Untracked 
| 101|0x0000000086500000, 0x0000000086600000, 0x0000000086600000|100%| O|  |TAMS 0x0000000086600000, 0x0000000086500000| Untracked 
| 102|0x0000000086600000, 0x0000000086700000, 0x0000000086700000|100%| O|  |TAMS 0x0000000086700000, 0x0000000086600000| Untracked 
| 103|0x0000000086700000, 0x0000000086800000, 0x0000000086800000|100%| O|  |TAMS 0x0000000086800000, 0x0000000086700000| Untracked 
| 104|0x0000000086800000, 0x0000000086900000, 0x0000000086900000|100%| O|  |TAMS 0x0000000086900000, 0x0000000086800000| Untracked 
| 105|0x0000000086900000, 0x0000000086a00000, 0x0000000086a00000|100%| O|  |TAMS 0x0000000086a00000, 0x0000000086900000| Untracked 
| 106|0x0000000086a00000, 0x0000000086b00000, 0x0000000086b00000|100%| O|  |TAMS 0x0000000086b00000, 0x0000000086a00000| Untracked 
| 107|0x0000000086b00000, 0x0000000086c00000, 0x0000000086c00000|100%| O|  |TAMS 0x0000000086c00000, 0x0000000086b00000| Untracked 
| 108|0x0000000086c00000, 0x0000000086d00000, 0x0000000086d00000|100%| O|  |TAMS 0x0000000086d00000, 0x0000000086c00000| Untracked 
| 109|0x0000000086d00000, 0x0000000086e00000, 0x0000000086e00000|100%| O|  |TAMS 0x0000000086e00000, 0x0000000086d00000| Untracked 
| 110|0x0000000086e00000, 0x0000000086f00000, 0x0000000086f00000|100%| O|  |TAMS 0x0000000086f00000, 0x0000000086e00000| Untracked 
| 111|0x0000000086f00000, 0x0000000087000000, 0x0000000087000000|100%| O|  |TAMS 0x0000000086f9a000, 0x0000000086f00000| Untracked 
| 112|0x0000000087000000, 0x0000000087100000, 0x0000000087100000|100%| O|  |TAMS 0x0000000087000000, 0x0000000087000000| Untracked 
| 113|0x0000000087100000, 0x0000000087200000, 0x0000000087200000|100%| O|  |TAMS 0x0000000087100000, 0x0000000087100000| Untracked 
| 114|0x0000000087200000, 0x0000000087300000, 0x0000000087300000|100%| O|  |TAMS 0x0000000087200000, 0x0000000087200000| Untracked 
| 115|0x0000000087300000, 0x0000000087400000, 0x0000000087400000|100%| O|  |TAMS 0x0000000087300000, 0x0000000087300000| Untracked 
| 116|0x0000000087400000, 0x0000000087500000, 0x0000000087500000|100%| O|  |TAMS 0x0000000087400000, 0x0000000087400000| Untracked 
| 117|0x0000000087500000, 0x0000000087600000, 0x0000000087600000|100%| O|  |TAMS 0x0000000087500000, 0x0000000087500000| Untracked 
| 118|0x0000000087600000, 0x0000000087700000, 0x0000000087700000|100%| O|  |TAMS 0x0000000087600000, 0x0000000087600000| Untracked 
| 119|0x0000000087700000, 0x0000000087800000, 0x0000000087800000|100%| O|  |TAMS 0x0000000087700000, 0x0000000087700000| Untracked 
| 120|0x0000000087800000, 0x0000000087900000, 0x0000000087900000|100%| O|  |TAMS 0x0000000087800000, 0x0000000087800000| Untracked 
| 121|0x0000000087900000, 0x0000000087a00000, 0x0000000087a00000|100%| O|  |TAMS 0x0000000087900000, 0x0000000087900000| Untracked 
| 122|0x0000000087a00000, 0x0000000087a8c200, 0x0000000087b00000| 54%| O|  |TAMS 0x0000000087a00000, 0x0000000087a00000| Untracked 
| 123|0x0000000087b00000, 0x0000000087b00000, 0x0000000087c00000|  0%| F|  |TAMS 0x0000000087b00000, 0x0000000087b00000| Untracked 
| 124|0x0000000087c00000, 0x0000000087c00000, 0x0000000087d00000|  0%| F|  |TAMS 0x0000000087c00000, 0x0000000087c00000| Untracked 
| 125|0x0000000087d00000, 0x0000000087d00000, 0x0000000087e00000|  0%| F|  |TAMS 0x0000000087d00000, 0x0000000087d00000| Untracked 
| 126|0x0000000087e00000, 0x0000000087e00000, 0x0000000087f00000|  0%| F|  |TAMS 0x0000000087e00000, 0x0000000087e00000| Untracked 
| 127|0x0000000087f00000, 0x0000000087f00000, 0x0000000088000000|  0%| F|  |TAMS 0x0000000087f00000, 0x0000000087f00000| Untracked 
| 128|0x0000000088000000, 0x0000000088000000, 0x0000000088100000|  0%| F|  |TAMS 0x0000000088000000, 0x0000000088000000| Untracked 
| 129|0x0000000088100000, 0x0000000088100000, 0x0000000088200000|  0%| F|  |TAMS 0x0000000088100000, 0x0000000088100000| Untracked 
| 130|0x0000000088200000, 0x0000000088200000, 0x0000000088300000|  0%| F|  |TAMS 0x0000000088200000, 0x0000000088200000| Untracked 
| 131|0x0000000088300000, 0x0000000088300000, 0x0000000088400000|  0%| F|  |TAMS 0x0000000088300000, 0x0000000088300000| Untracked 
| 132|0x0000000088400000, 0x0000000088400000, 0x0000000088500000|  0%| F|  |TAMS 0x0000000088400000, 0x0000000088400000| Untracked 
| 133|0x0000000088500000, 0x0000000088500000, 0x0000000088600000|  0%| F|  |TAMS 0x0000000088500000, 0x0000000088500000| Untracked 
| 134|0x0000000088600000, 0x0000000088600000, 0x0000000088700000|  0%| F|  |TAMS 0x0000000088600000, 0x0000000088600000| Untracked 
| 135|0x0000000088700000, 0x0000000088700000, 0x0000000088800000|  0%| F|  |TAMS 0x0000000088700000, 0x0000000088700000| Untracked 
| 136|0x0000000088800000, 0x0000000088800000, 0x0000000088900000|  0%| F|  |TAMS 0x0000000088800000, 0x0000000088800000| Untracked 
| 137|0x0000000088900000, 0x0000000088900000, 0x0000000088a00000|  0%| F|  |TAMS 0x0000000088900000, 0x0000000088900000| Untracked 
| 138|0x0000000088a00000, 0x0000000088a00000, 0x0000000088b00000|  0%| F|  |TAMS 0x0000000088a00000, 0x0000000088a00000| Untracked 
| 139|0x0000000088b00000, 0x0000000088b00000, 0x0000000088c00000|  0%| F|  |TAMS 0x0000000088b00000, 0x0000000088b00000| Untracked 
| 140|0x0000000088c00000, 0x0000000088c00000, 0x0000000088d00000|  0%| F|  |TAMS 0x0000000088c00000, 0x0000000088c00000| Untracked 
| 141|0x0000000088d00000, 0x0000000088d00000, 0x0000000088e00000|  0%| F|  |TAMS 0x0000000088d00000, 0x0000000088d00000| Untracked 
| 142|0x0000000088e00000, 0x0000000088e00000, 0x0000000088f00000|  0%| F|  |TAMS 0x0000000088e00000, 0x0000000088e00000| Untracked 
| 143|0x0000000088f00000, 0x0000000088f00000, 0x0000000089000000|  0%| F|  |TAMS 0x0000000088f00000, 0x0000000088f00000| Untracked 
| 144|0x0000000089000000, 0x0000000089000000, 0x0000000089100000|  0%| F|  |TAMS 0x0000000089000000, 0x0000000089000000| Untracked 
| 145|0x0000000089100000, 0x0000000089100000, 0x0000000089200000|  0%| F|  |TAMS 0x0000000089100000, 0x0000000089100000| Untracked 
| 146|0x0000000089200000, 0x0000000089200000, 0x0000000089300000|  0%| F|  |TAMS 0x0000000089200000, 0x0000000089200000| Untracked 
| 147|0x0000000089300000, 0x0000000089300000, 0x0000000089400000|  0%| F|  |TAMS 0x0000000089300000, 0x0000000089300000| Untracked 
| 148|0x0000000089400000, 0x0000000089400000, 0x0000000089500000|  0%| F|  |TAMS 0x0000000089400000, 0x0000000089400000| Untracked 
| 149|0x0000000089500000, 0x0000000089500000, 0x0000000089600000|  0%| F|  |TAMS 0x0000000089500000, 0x0000000089500000| Untracked 
| 150|0x0000000089600000, 0x0000000089600000, 0x0000000089700000|  0%| F|  |TAMS 0x0000000089600000, 0x0000000089600000| Untracked 
| 151|0x0000000089700000, 0x0000000089700000, 0x0000000089800000|  0%| F|  |TAMS 0x0000000089700000, 0x0000000089700000| Untracked 
| 152|0x0000000089800000, 0x0000000089800000, 0x0000000089900000|  0%| F|  |TAMS 0x0000000089800000, 0x0000000089800000| Untracked 
| 153|0x0000000089900000, 0x0000000089900000, 0x0000000089a00000|  0%| F|  |TAMS 0x0000000089900000, 0x0000000089900000| Untracked 
| 154|0x0000000089a00000, 0x0000000089a00000, 0x0000000089b00000|  0%| F|  |TAMS 0x0000000089a00000, 0x0000000089a00000| Untracked 
| 155|0x0000000089b00000, 0x0000000089b00000, 0x0000000089c00000|  0%| F|  |TAMS 0x0000000089b00000, 0x0000000089b00000| Untracked 
| 156|0x0000000089c00000, 0x0000000089c00000, 0x0000000089d00000|  0%| F|  |TAMS 0x0000000089c00000, 0x0000000089c00000| Untracked 
| 157|0x0000000089d00000, 0x0000000089d00000, 0x0000000089e00000|  0%| F|  |TAMS 0x0000000089d00000, 0x0000000089d00000| Untracked 
| 158|0x0000000089e00000, 0x0000000089e00000, 0x0000000089f00000|  0%| F|  |TAMS 0x0000000089e00000, 0x0000000089e00000| Untracked 
| 159|0x0000000089f00000, 0x0000000089f00000, 0x000000008a000000|  0%| F|  |TAMS 0x0000000089f00000, 0x0000000089f00000| Untracked 
| 160|0x000000008a000000, 0x000000008a000000, 0x000000008a100000|  0%| F|  |TAMS 0x000000008a000000, 0x000000008a000000| Untracked 
| 161|0x000000008a100000, 0x000000008a100000, 0x000000008a200000|  0%| F|  |TAMS 0x000000008a100000, 0x000000008a100000| Untracked 
| 162|0x000000008a200000, 0x000000008a200000, 0x000000008a300000|  0%| F|  |TAMS 0x000000008a200000, 0x000000008a200000| Untracked 
| 163|0x000000008a300000, 0x000000008a300000, 0x000000008a400000|  0%| F|  |TAMS 0x000000008a300000, 0x000000008a300000| Untracked 
| 164|0x000000008a400000, 0x000000008a400000, 0x000000008a500000|  0%| F|  |TAMS 0x000000008a400000, 0x000000008a400000| Untracked 
| 165|0x000000008a500000, 0x000000008a5d3d70, 0x000000008a600000| 82%| S|CS|TAMS 0x000000008a500000, 0x000000008a500000| Complete 
| 166|0x000000008a600000, 0x000000008a700000, 0x000000008a700000|100%| S|CS|TAMS 0x000000008a600000, 0x000000008a600000| Complete 
| 167|0x000000008a700000, 0x000000008a800000, 0x000000008a800000|100%| S|CS|TAMS 0x000000008a700000, 0x000000008a700000| Complete 
| 168|0x000000008a800000, 0x000000008a900000, 0x000000008a900000|100%| S|CS|TAMS 0x000000008a800000, 0x000000008a800000| Complete 
| 169|0x000000008a900000, 0x000000008aa00000, 0x000000008aa00000|100%| S|CS|TAMS 0x000000008a900000, 0x000000008a900000| Complete 
| 170|0x000000008aa00000, 0x000000008ab00000, 0x000000008ab00000|100%| S|CS|TAMS 0x000000008aa00000, 0x000000008aa00000| Complete 
| 171|0x000000008ab00000, 0x000000008ac00000, 0x000000008ac00000|100%| S|CS|TAMS 0x000000008ab00000, 0x000000008ab00000| Complete 
| 172|0x000000008ac00000, 0x000000008ad00000, 0x000000008ad00000|100%| S|CS|TAMS 0x000000008ac00000, 0x000000008ac00000| Complete 
| 173|0x000000008ad00000, 0x000000008ae00000, 0x000000008ae00000|100%| S|CS|TAMS 0x000000008ad00000, 0x000000008ad00000| Complete 
| 174|0x000000008ae00000, 0x000000008af00000, 0x000000008af00000|100%| S|CS|TAMS 0x000000008ae00000, 0x000000008ae00000| Complete 
| 175|0x000000008af00000, 0x000000008b000000, 0x000000008b000000|100%| S|CS|TAMS 0x000000008af00000, 0x000000008af00000| Complete 
| 176|0x000000008b000000, 0x000000008b000000, 0x000000008b100000|  0%| F|  |TAMS 0x000000008b000000, 0x000000008b000000| Untracked 
| 177|0x000000008b100000, 0x000000008b100000, 0x000000008b200000|  0%| F|  |TAMS 0x000000008b100000, 0x000000008b100000| Untracked 
| 178|0x000000008b200000, 0x000000008b200000, 0x000000008b300000|  0%| F|  |TAMS 0x000000008b200000, 0x000000008b200000| Untracked 
| 179|0x000000008b300000, 0x000000008b300000, 0x000000008b400000|  0%| F|  |TAMS 0x000000008b300000, 0x000000008b300000| Untracked 
| 180|0x000000008b400000, 0x000000008b400000, 0x000000008b500000|  0%| F|  |TAMS 0x000000008b400000, 0x000000008b400000| Untracked 
| 181|0x000000008b500000, 0x000000008b500000, 0x000000008b600000|  0%| F|  |TAMS 0x000000008b500000, 0x000000008b500000| Untracked 
| 182|0x000000008b600000, 0x000000008b600000, 0x000000008b700000|  0%| F|  |TAMS 0x000000008b600000, 0x000000008b600000| Untracked 
| 183|0x000000008b700000, 0x000000008b700000, 0x000000008b800000|  0%| F|  |TAMS 0x000000008b700000, 0x000000008b700000| Untracked 
| 184|0x000000008b800000, 0x000000008b800000, 0x000000008b900000|  0%| F|  |TAMS 0x000000008b800000, 0x000000008b800000| Untracked 
| 185|0x000000008b900000, 0x000000008b900000, 0x000000008ba00000|  0%| F|  |TAMS 0x000000008b900000, 0x000000008b900000| Untracked 
| 186|0x000000008ba00000, 0x000000008ba00000, 0x000000008bb00000|  0%| F|  |TAMS 0x000000008ba00000, 0x000000008ba00000| Untracked 
| 187|0x000000008bb00000, 0x000000008bb00000, 0x000000008bc00000|  0%| F|  |TAMS 0x000000008bb00000, 0x000000008bb00000| Untracked 
| 188|0x000000008bc00000, 0x000000008bc00000, 0x000000008bd00000|  0%| F|  |TAMS 0x000000008bc00000, 0x000000008bc00000| Untracked 
| 189|0x000000008bd00000, 0x000000008bd00000, 0x000000008be00000|  0%| F|  |TAMS 0x000000008bd00000, 0x000000008bd00000| Untracked 
| 190|0x000000008be00000, 0x000000008be00000, 0x000000008bf00000|  0%| F|  |TAMS 0x000000008be00000, 0x000000008be00000| Untracked 
| 191|0x000000008bf00000, 0x000000008c000000, 0x000000008c000000|100%| S|CS|TAMS 0x000000008bf00000, 0x000000008bf00000| Complete 
| 192|0x000000008c000000, 0x000000008c000000, 0x000000008c100000|  0%| F|  |TAMS 0x000000008c000000, 0x000000008c000000| Untracked 
| 193|0x000000008c100000, 0x000000008c100000, 0x000000008c200000|  0%| F|  |TAMS 0x000000008c100000, 0x000000008c100000| Untracked 
| 194|0x000000008c200000, 0x000000008c200000, 0x000000008c300000|  0%| F|  |TAMS 0x000000008c200000, 0x000000008c200000| Untracked 
| 195|0x000000008c300000, 0x000000008c300000, 0x000000008c400000|  0%| F|  |TAMS 0x000000008c300000, 0x000000008c300000| Untracked 
| 196|0x000000008c400000, 0x000000008c400000, 0x000000008c500000|  0%| F|  |TAMS 0x000000008c400000, 0x000000008c400000| Untracked 
| 197|0x000000008c500000, 0x000000008c500000, 0x000000008c600000|  0%| F|  |TAMS 0x000000008c500000, 0x000000008c500000| Untracked 
| 198|0x000000008c600000, 0x000000008c600000, 0x000000008c700000|  0%| F|  |TAMS 0x000000008c600000, 0x000000008c600000| Untracked 
| 199|0x000000008c700000, 0x000000008c700000, 0x000000008c800000|  0%| F|  |TAMS 0x000000008c700000, 0x000000008c700000| Untracked 
| 200|0x000000008c800000, 0x000000008c800000, 0x000000008c900000|  0%| F|  |TAMS 0x000000008c800000, 0x000000008c800000| Untracked 
| 201|0x000000008c900000, 0x000000008c900000, 0x000000008ca00000|  0%| F|  |TAMS 0x000000008c900000, 0x000000008c900000| Untracked 
| 202|0x000000008ca00000, 0x000000008ca00000, 0x000000008cb00000|  0%| F|  |TAMS 0x000000008ca00000, 0x000000008ca00000| Untracked 
| 203|0x000000008cb00000, 0x000000008cb00000, 0x000000008cc00000|  0%| F|  |TAMS 0x000000008cb00000, 0x000000008cb00000| Untracked 
| 204|0x000000008cc00000, 0x000000008cc00000, 0x000000008cd00000|  0%| F|  |TAMS 0x000000008cc00000, 0x000000008cc00000| Untracked 
| 205|0x000000008cd00000, 0x000000008cd00000, 0x000000008ce00000|  0%| F|  |TAMS 0x000000008cd00000, 0x000000008cd00000| Untracked 
| 206|0x000000008ce00000, 0x000000008ce00000, 0x000000008cf00000|  0%| F|  |TAMS 0x000000008ce00000, 0x000000008ce00000| Untracked 
| 207|0x000000008cf00000, 0x000000008cf00000, 0x000000008d000000|  0%| F|  |TAMS 0x000000008cf00000, 0x000000008cf00000| Untracked 
| 208|0x000000008d000000, 0x000000008d000000, 0x000000008d100000|  0%| F|  |TAMS 0x000000008d000000, 0x000000008d000000| Untracked 
| 209|0x000000008d100000, 0x000000008d100000, 0x000000008d200000|  0%| F|  |TAMS 0x000000008d100000, 0x000000008d100000| Untracked 
| 210|0x000000008d200000, 0x000000008d200000, 0x000000008d300000|  0%| F|  |TAMS 0x000000008d200000, 0x000000008d200000| Untracked 
| 211|0x000000008d300000, 0x000000008d300000, 0x000000008d400000|  0%| F|  |TAMS 0x000000008d300000, 0x000000008d300000| Untracked 
| 212|0x000000008d400000, 0x000000008d400000, 0x000000008d500000|  0%| F|  |TAMS 0x000000008d400000, 0x000000008d400000| Untracked 
| 213|0x000000008d500000, 0x000000008d500000, 0x000000008d600000|  0%| F|  |TAMS 0x000000008d500000, 0x000000008d500000| Untracked 
| 214|0x000000008d600000, 0x000000008d600000, 0x000000008d700000|  0%| F|  |TAMS 0x000000008d600000, 0x000000008d600000| Untracked 
| 215|0x000000008d700000, 0x000000008d700000, 0x000000008d800000|  0%| F|  |TAMS 0x000000008d700000, 0x000000008d700000| Untracked 
| 216|0x000000008d800000, 0x000000008d800000, 0x000000008d900000|  0%| F|  |TAMS 0x000000008d800000, 0x000000008d800000| Untracked 
| 217|0x000000008d900000, 0x000000008d900000, 0x000000008da00000|  0%| F|  |TAMS 0x000000008d900000, 0x000000008d900000| Untracked 
| 218|0x000000008da00000, 0x000000008da00000, 0x000000008db00000|  0%| F|  |TAMS 0x000000008da00000, 0x000000008da00000| Untracked 
| 219|0x000000008db00000, 0x000000008db00000, 0x000000008dc00000|  0%| F|  |TAMS 0x000000008db00000, 0x000000008db00000| Untracked 
| 220|0x000000008dc00000, 0x000000008dc00000, 0x000000008dd00000|  0%| F|  |TAMS 0x000000008dc00000, 0x000000008dc00000| Untracked 
| 221|0x000000008dd00000, 0x000000008dd00000, 0x000000008de00000|  0%| F|  |TAMS 0x000000008dd00000, 0x000000008dd00000| Untracked 
| 222|0x000000008de00000, 0x000000008de00000, 0x000000008df00000|  0%| F|  |TAMS 0x000000008de00000, 0x000000008de00000| Untracked 
| 223|0x000000008df00000, 0x000000008df00000, 0x000000008e000000|  0%| F|  |TAMS 0x000000008df00000, 0x000000008df00000| Untracked 
| 224|0x000000008e000000, 0x000000008e000000, 0x000000008e100000|  0%| F|  |TAMS 0x000000008e000000, 0x000000008e000000| Untracked 
| 225|0x000000008e100000, 0x000000008e100000, 0x000000008e200000|  0%| F|  |TAMS 0x000000008e100000, 0x000000008e100000| Untracked 
| 226|0x000000008e200000, 0x000000008e200000, 0x000000008e300000|  0%| F|  |TAMS 0x000000008e200000, 0x000000008e200000| Untracked 
| 227|0x000000008e300000, 0x000000008e300000, 0x000000008e400000|  0%| F|  |TAMS 0x000000008e300000, 0x000000008e300000| Untracked 
| 228|0x000000008e400000, 0x000000008e400000, 0x000000008e500000|  0%| F|  |TAMS 0x000000008e400000, 0x000000008e400000| Untracked 
| 229|0x000000008e500000, 0x000000008e500000, 0x000000008e600000|  0%| F|  |TAMS 0x000000008e500000, 0x000000008e500000| Untracked 
| 230|0x000000008e600000, 0x000000008e600000, 0x000000008e700000|  0%| F|  |TAMS 0x000000008e600000, 0x000000008e600000| Untracked 
| 231|0x000000008e700000, 0x000000008e700000, 0x000000008e800000|  0%| F|  |TAMS 0x000000008e700000, 0x000000008e700000| Untracked 
| 232|0x000000008e800000, 0x000000008e800000, 0x000000008e900000|  0%| F|  |TAMS 0x000000008e800000, 0x000000008e800000| Untracked 
| 233|0x000000008e900000, 0x000000008e900000, 0x000000008ea00000|  0%| F|  |TAMS 0x000000008e900000, 0x000000008e900000| Untracked 
| 234|0x000000008ea00000, 0x000000008ea00000, 0x000000008eb00000|  0%| F|  |TAMS 0x000000008ea00000, 0x000000008ea00000| Untracked 
| 235|0x000000008eb00000, 0x000000008eb00000, 0x000000008ec00000|  0%| F|  |TAMS 0x000000008eb00000, 0x000000008eb00000| Untracked 
| 236|0x000000008ec00000, 0x000000008ec00000, 0x000000008ed00000|  0%| F|  |TAMS 0x000000008ec00000, 0x000000008ec00000| Untracked 
| 237|0x000000008ed00000, 0x000000008ed00000, 0x000000008ee00000|  0%| F|  |TAMS 0x000000008ed00000, 0x000000008ed00000| Untracked 
| 238|0x000000008ee00000, 0x000000008ee00000, 0x000000008ef00000|  0%| F|  |TAMS 0x000000008ee00000, 0x000000008ee00000| Untracked 
| 239|0x000000008ef00000, 0x000000008ef00000, 0x000000008f000000|  0%| F|  |TAMS 0x000000008ef00000, 0x000000008ef00000| Untracked 
| 240|0x000000008f000000, 0x000000008f000000, 0x000000008f100000|  0%| F|  |TAMS 0x000000008f000000, 0x000000008f000000| Untracked 
| 241|0x000000008f100000, 0x000000008f100000, 0x000000008f200000|  0%| F|  |TAMS 0x000000008f100000, 0x000000008f100000| Untracked 
| 242|0x000000008f200000, 0x000000008f200000, 0x000000008f300000|  0%| F|  |TAMS 0x000000008f200000, 0x000000008f200000| Untracked 
| 243|0x000000008f300000, 0x000000008f300000, 0x000000008f400000|  0%| F|  |TAMS 0x000000008f300000, 0x000000008f300000| Untracked 
| 244|0x000000008f400000, 0x000000008f400000, 0x000000008f500000|  0%| F|  |TAMS 0x000000008f400000, 0x000000008f400000| Untracked 
| 245|0x000000008f500000, 0x000000008f500000, 0x000000008f600000|  0%| F|  |TAMS 0x000000008f500000, 0x000000008f500000| Untracked 
| 246|0x000000008f600000, 0x000000008f600000, 0x000000008f700000|  0%| F|  |TAMS 0x000000008f600000, 0x000000008f600000| Untracked 
| 247|0x000000008f700000, 0x000000008f700000, 0x000000008f800000|  0%| F|  |TAMS 0x000000008f700000, 0x000000008f700000| Untracked 
| 248|0x000000008f800000, 0x000000008f800000, 0x000000008f900000|  0%| F|  |TAMS 0x000000008f800000, 0x000000008f800000| Untracked 
| 249|0x000000008f900000, 0x000000008f900000, 0x000000008fa00000|  0%| F|  |TAMS 0x000000008f900000, 0x000000008f900000| Untracked 
| 250|0x000000008fa00000, 0x000000008fa00000, 0x000000008fb00000|  0%| F|  |TAMS 0x000000008fa00000, 0x000000008fa00000| Untracked 
| 251|0x000000008fb00000, 0x000000008fb00000, 0x000000008fc00000|  0%| F|  |TAMS 0x000000008fb00000, 0x000000008fb00000| Untracked 
| 252|0x000000008fc00000, 0x000000008fc00000, 0x000000008fd00000|  0%| F|  |TAMS 0x000000008fc00000, 0x000000008fc00000| Untracked 
| 253|0x000000008fd00000, 0x000000008fd00000, 0x000000008fe00000|  0%| F|  |TAMS 0x000000008fd00000, 0x000000008fd00000| Untracked 
| 254|0x000000008fe00000, 0x000000008fe00000, 0x000000008ff00000|  0%| F|  |TAMS 0x000000008fe00000, 0x000000008fe00000| Untracked 
| 255|0x000000008ff00000, 0x000000008ff00000, 0x0000000090000000|  0%| F|  |TAMS 0x000000008ff00000, 0x000000008ff00000| Untracked 
| 256|0x0000000090000000, 0x0000000090000000, 0x0000000090100000|  0%| F|  |TAMS 0x0000000090000000, 0x0000000090000000| Untracked 
| 257|0x0000000090100000, 0x0000000090100000, 0x0000000090200000|  0%| F|  |TAMS 0x0000000090100000, 0x0000000090100000| Untracked 
| 258|0x0000000090200000, 0x0000000090200000, 0x0000000090300000|  0%| F|  |TAMS 0x0000000090200000, 0x0000000090200000| Untracked 
| 259|0x0000000090300000, 0x0000000090300000, 0x0000000090400000|  0%| F|  |TAMS 0x0000000090300000, 0x0000000090300000| Untracked 
| 260|0x0000000090400000, 0x0000000090400000, 0x0000000090500000|  0%| F|  |TAMS 0x0000000090400000, 0x0000000090400000| Untracked 
| 261|0x0000000090500000, 0x0000000090500000, 0x0000000090600000|  0%| F|  |TAMS 0x0000000090500000, 0x0000000090500000| Untracked 
| 262|0x0000000090600000, 0x0000000090600000, 0x0000000090700000|  0%| F|  |TAMS 0x0000000090600000, 0x0000000090600000| Untracked 
| 263|0x0000000090700000, 0x0000000090700000, 0x0000000090800000|  0%| F|  |TAMS 0x0000000090700000, 0x0000000090700000| Untracked 
| 264|0x0000000090800000, 0x0000000090800000, 0x0000000090900000|  0%| F|  |TAMS 0x0000000090800000, 0x0000000090800000| Untracked 
| 265|0x0000000090900000, 0x0000000090900000, 0x0000000090a00000|  0%| F|  |TAMS 0x0000000090900000, 0x0000000090900000| Untracked 
| 266|0x0000000090a00000, 0x0000000090a00000, 0x0000000090b00000|  0%| F|  |TAMS 0x0000000090a00000, 0x0000000090a00000| Untracked 
| 267|0x0000000090b00000, 0x0000000090b00000, 0x0000000090c00000|  0%| F|  |TAMS 0x0000000090b00000, 0x0000000090b00000| Untracked 
| 268|0x0000000090c00000, 0x0000000090c00000, 0x0000000090d00000|  0%| F|  |TAMS 0x0000000090c00000, 0x0000000090c00000| Untracked 
| 269|0x0000000090d00000, 0x0000000090d00000, 0x0000000090e00000|  0%| F|  |TAMS 0x0000000090d00000, 0x0000000090d00000| Untracked 
| 270|0x0000000090e00000, 0x0000000090e00000, 0x0000000090f00000|  0%| F|  |TAMS 0x0000000090e00000, 0x0000000090e00000| Untracked 
| 271|0x0000000090f00000, 0x0000000090f00000, 0x0000000091000000|  0%| F|  |TAMS 0x0000000090f00000, 0x0000000090f00000| Untracked 
| 272|0x0000000091000000, 0x0000000091000000, 0x0000000091100000|  0%| F|  |TAMS 0x0000000091000000, 0x0000000091000000| Untracked 
| 273|0x0000000091100000, 0x0000000091100000, 0x0000000091200000|  0%| F|  |TAMS 0x0000000091100000, 0x0000000091100000| Untracked 
| 274|0x0000000091200000, 0x0000000091200000, 0x0000000091300000|  0%| F|  |TAMS 0x0000000091200000, 0x0000000091200000| Untracked 
| 275|0x0000000091300000, 0x0000000091300000, 0x0000000091400000|  0%| F|  |TAMS 0x0000000091300000, 0x0000000091300000| Untracked 
| 276|0x0000000091400000, 0x0000000091400000, 0x0000000091500000|  0%| F|  |TAMS 0x0000000091400000, 0x0000000091400000| Untracked 
| 277|0x0000000091500000, 0x0000000091500000, 0x0000000091600000|  0%| F|  |TAMS 0x0000000091500000, 0x0000000091500000| Untracked 
| 278|0x0000000091600000, 0x0000000091600000, 0x0000000091700000|  0%| F|  |TAMS 0x0000000091600000, 0x0000000091600000| Untracked 
| 279|0x0000000091700000, 0x0000000091700000, 0x0000000091800000|  0%| F|  |TAMS 0x0000000091700000, 0x0000000091700000| Untracked 
| 280|0x0000000091800000, 0x0000000091800000, 0x0000000091900000|  0%| F|  |TAMS 0x0000000091800000, 0x0000000091800000| Untracked 
| 281|0x0000000091900000, 0x0000000091900000, 0x0000000091a00000|  0%| F|  |TAMS 0x0000000091900000, 0x0000000091900000| Untracked 
| 282|0x0000000091a00000, 0x0000000091a00000, 0x0000000091b00000|  0%| F|  |TAMS 0x0000000091a00000, 0x0000000091a00000| Untracked 
| 283|0x0000000091b00000, 0x0000000091b00000, 0x0000000091c00000|  0%| F|  |TAMS 0x0000000091b00000, 0x0000000091b00000| Untracked 
| 284|0x0000000091c00000, 0x0000000091c00000, 0x0000000091d00000|  0%| F|  |TAMS 0x0000000091c00000, 0x0000000091c00000| Untracked 
| 285|0x0000000091d00000, 0x0000000091d00000, 0x0000000091e00000|  0%| F|  |TAMS 0x0000000091d00000, 0x0000000091d00000| Untracked 
| 286|0x0000000091e00000, 0x0000000091e00000, 0x0000000091f00000|  0%| F|  |TAMS 0x0000000091e00000, 0x0000000091e00000| Untracked 
| 287|0x0000000091f00000, 0x0000000091f00000, 0x0000000092000000|  0%| F|  |TAMS 0x0000000091f00000, 0x0000000091f00000| Untracked 
| 288|0x0000000092000000, 0x0000000092000000, 0x0000000092100000|  0%| F|  |TAMS 0x0000000092000000, 0x0000000092000000| Untracked 
| 289|0x0000000092100000, 0x0000000092100000, 0x0000000092200000|  0%| F|  |TAMS 0x0000000092100000, 0x0000000092100000| Untracked 
| 290|0x0000000092200000, 0x0000000092200000, 0x0000000092300000|  0%| F|  |TAMS 0x0000000092200000, 0x0000000092200000| Untracked 
| 291|0x0000000092300000, 0x0000000092300000, 0x0000000092400000|  0%| F|  |TAMS 0x0000000092300000, 0x0000000092300000| Untracked 
| 292|0x0000000092400000, 0x0000000092400000, 0x0000000092500000|  0%| F|  |TAMS 0x0000000092400000, 0x0000000092400000| Untracked 
| 293|0x0000000092500000, 0x0000000092500000, 0x0000000092600000|  0%| F|  |TAMS 0x0000000092500000, 0x0000000092500000| Untracked 
| 294|0x0000000092600000, 0x0000000092600000, 0x0000000092700000|  0%| F|  |TAMS 0x0000000092600000, 0x0000000092600000| Untracked 
| 295|0x0000000092700000, 0x0000000092700000, 0x0000000092800000|  0%| F|  |TAMS 0x0000000092700000, 0x0000000092700000| Untracked 
| 296|0x0000000092800000, 0x0000000092800000, 0x0000000092900000|  0%| F|  |TAMS 0x0000000092800000, 0x0000000092800000| Untracked 
| 297|0x0000000092900000, 0x0000000092900000, 0x0000000092a00000|  0%| F|  |TAMS 0x0000000092900000, 0x0000000092900000| Untracked 
| 298|0x0000000092a00000, 0x0000000092a00000, 0x0000000092b00000|  0%| F|  |TAMS 0x0000000092a00000, 0x0000000092a00000| Untracked 
| 299|0x0000000092b00000, 0x0000000092b00000, 0x0000000092c00000|  0%| F|  |TAMS 0x0000000092b00000, 0x0000000092b00000| Untracked 
| 300|0x0000000092c00000, 0x0000000092c00000, 0x0000000092d00000|  0%| F|  |TAMS 0x0000000092c00000, 0x0000000092c00000| Untracked 
| 301|0x0000000092d00000, 0x0000000092d00000, 0x0000000092e00000|  0%| F|  |TAMS 0x0000000092d00000, 0x0000000092d00000| Untracked 
| 302|0x0000000092e00000, 0x0000000092e00000, 0x0000000092f00000|  0%| F|  |TAMS 0x0000000092e00000, 0x0000000092e00000| Untracked 
| 303|0x0000000092f00000, 0x0000000092f00000, 0x0000000093000000|  0%| F|  |TAMS 0x0000000092f00000, 0x0000000092f00000| Untracked 
| 304|0x0000000093000000, 0x0000000093000000, 0x0000000093100000|  0%| F|  |TAMS 0x0000000093000000, 0x0000000093000000| Untracked 
| 305|0x0000000093100000, 0x0000000093100000, 0x0000000093200000|  0%| F|  |TAMS 0x0000000093100000, 0x0000000093100000| Untracked 
| 306|0x0000000093200000, 0x0000000093200000, 0x0000000093300000|  0%| F|  |TAMS 0x0000000093200000, 0x0000000093200000| Untracked 
| 307|0x0000000093300000, 0x0000000093300000, 0x0000000093400000|  0%| F|  |TAMS 0x0000000093300000, 0x0000000093300000| Untracked 
| 308|0x0000000093400000, 0x0000000093400000, 0x0000000093500000|  0%| F|  |TAMS 0x0000000093400000, 0x0000000093400000| Untracked 
| 309|0x0000000093500000, 0x0000000093500000, 0x0000000093600000|  0%| F|  |TAMS 0x0000000093500000, 0x0000000093500000| Untracked 
| 310|0x0000000093600000, 0x0000000093600000, 0x0000000093700000|  0%| F|  |TAMS 0x0000000093600000, 0x0000000093600000| Untracked 
| 311|0x0000000093700000, 0x0000000093700000, 0x0000000093800000|  0%| F|  |TAMS 0x0000000093700000, 0x0000000093700000| Untracked 
| 312|0x0000000093800000, 0x0000000093800000, 0x0000000093900000|  0%| F|  |TAMS 0x0000000093800000, 0x0000000093800000| Untracked 
| 313|0x0000000093900000, 0x0000000093900000, 0x0000000093a00000|  0%| F|  |TAMS 0x0000000093900000, 0x0000000093900000| Untracked 
| 314|0x0000000093a00000, 0x0000000093a00000, 0x0000000093b00000|  0%| F|  |TAMS 0x0000000093a00000, 0x0000000093a00000| Untracked 
| 315|0x0000000093b00000, 0x0000000093b00000, 0x0000000093c00000|  0%| F|  |TAMS 0x0000000093b00000, 0x0000000093b00000| Untracked 
| 316|0x0000000093c00000, 0x0000000093c00000, 0x0000000093d00000|  0%| F|  |TAMS 0x0000000093c00000, 0x0000000093c00000| Untracked 
| 317|0x0000000093d00000, 0x0000000093d00000, 0x0000000093e00000|  0%| F|  |TAMS 0x0000000093d00000, 0x0000000093d00000| Untracked 
| 318|0x0000000093e00000, 0x0000000093e00000, 0x0000000093f00000|  0%| F|  |TAMS 0x0000000093e00000, 0x0000000093e00000| Untracked 
| 319|0x0000000093f00000, 0x0000000093f00000, 0x0000000094000000|  0%| F|  |TAMS 0x0000000093f00000, 0x0000000093f00000| Untracked 
| 320|0x0000000094000000, 0x0000000094000000, 0x0000000094100000|  0%| F|  |TAMS 0x0000000094000000, 0x0000000094000000| Untracked 
| 321|0x0000000094100000, 0x0000000094100000, 0x0000000094200000|  0%| F|  |TAMS 0x0000000094100000, 0x0000000094100000| Untracked 
| 322|0x0000000094200000, 0x0000000094200000, 0x0000000094300000|  0%| F|  |TAMS 0x0000000094200000, 0x0000000094200000| Untracked 
| 323|0x0000000094300000, 0x0000000094300000, 0x0000000094400000|  0%| F|  |TAMS 0x0000000094300000, 0x0000000094300000| Untracked 
| 324|0x0000000094400000, 0x0000000094400000, 0x0000000094500000|  0%| F|  |TAMS 0x0000000094400000, 0x0000000094400000| Untracked 
| 325|0x0000000094500000, 0x0000000094500000, 0x0000000094600000|  0%| F|  |TAMS 0x0000000094500000, 0x0000000094500000| Untracked 
| 326|0x0000000094600000, 0x0000000094600000, 0x0000000094700000|  0%| F|  |TAMS 0x0000000094600000, 0x0000000094600000| Untracked 
| 327|0x0000000094700000, 0x0000000094700000, 0x0000000094800000|  0%| F|  |TAMS 0x0000000094700000, 0x0000000094700000| Untracked 
| 328|0x0000000094800000, 0x0000000094800000, 0x0000000094900000|  0%| F|  |TAMS 0x0000000094800000, 0x0000000094800000| Untracked 
| 329|0x0000000094900000, 0x0000000094900000, 0x0000000094a00000|  0%| F|  |TAMS 0x0000000094900000, 0x0000000094900000| Untracked 
| 330|0x0000000094a00000, 0x0000000094a00000, 0x0000000094b00000|  0%| F|  |TAMS 0x0000000094a00000, 0x0000000094a00000| Untracked 
| 331|0x0000000094b00000, 0x0000000094b00000, 0x0000000094c00000|  0%| F|  |TAMS 0x0000000094b00000, 0x0000000094b00000| Untracked 
| 332|0x0000000094c00000, 0x0000000094c00000, 0x0000000094d00000|  0%| F|  |TAMS 0x0000000094c00000, 0x0000000094c00000| Untracked 
| 333|0x0000000094d00000, 0x0000000094d00000, 0x0000000094e00000|  0%| F|  |TAMS 0x0000000094d00000, 0x0000000094d00000| Untracked 
| 334|0x0000000094e00000, 0x0000000094e00000, 0x0000000094f00000|  0%| F|  |TAMS 0x0000000094e00000, 0x0000000094e00000| Untracked 
| 335|0x0000000094f00000, 0x0000000094f00000, 0x0000000095000000|  0%| F|  |TAMS 0x0000000094f00000, 0x0000000094f00000| Untracked 
| 336|0x0000000095000000, 0x0000000095000000, 0x0000000095100000|  0%| F|  |TAMS 0x0000000095000000, 0x0000000095000000| Untracked 
| 337|0x0000000095100000, 0x0000000095100000, 0x0000000095200000|  0%| F|  |TAMS 0x0000000095100000, 0x0000000095100000| Untracked 
| 338|0x0000000095200000, 0x0000000095200000, 0x0000000095300000|  0%| F|  |TAMS 0x0000000095200000, 0x0000000095200000| Untracked 
| 339|0x0000000095300000, 0x0000000095300000, 0x0000000095400000|  0%| F|  |TAMS 0x0000000095300000, 0x0000000095300000| Untracked 
| 340|0x0000000095400000, 0x0000000095400000, 0x0000000095500000|  0%| F|  |TAMS 0x0000000095400000, 0x0000000095400000| Untracked 
| 341|0x0000000095500000, 0x0000000095500000, 0x0000000095600000|  0%| F|  |TAMS 0x0000000095500000, 0x0000000095500000| Untracked 
| 342|0x0000000095600000, 0x0000000095600000, 0x0000000095700000|  0%| F|  |TAMS 0x0000000095600000, 0x0000000095600000| Untracked 
| 343|0x0000000095700000, 0x0000000095700000, 0x0000000095800000|  0%| F|  |TAMS 0x0000000095700000, 0x0000000095700000| Untracked 
| 344|0x0000000095800000, 0x0000000095800000, 0x0000000095900000|  0%| F|  |TAMS 0x0000000095800000, 0x0000000095800000| Untracked 
| 345|0x0000000095900000, 0x0000000095900000, 0x0000000095a00000|  0%| F|  |TAMS 0x0000000095900000, 0x0000000095900000| Untracked 
| 346|0x0000000095a00000, 0x0000000095a00000, 0x0000000095b00000|  0%| F|  |TAMS 0x0000000095a00000, 0x0000000095a00000| Untracked 
| 347|0x0000000095b00000, 0x0000000095b00000, 0x0000000095c00000|  0%| F|  |TAMS 0x0000000095b00000, 0x0000000095b00000| Untracked 
| 348|0x0000000095c00000, 0x0000000095c00000, 0x0000000095d00000|  0%| F|  |TAMS 0x0000000095c00000, 0x0000000095c00000| Untracked 
| 349|0x0000000095d00000, 0x0000000095d00000, 0x0000000095e00000|  0%| F|  |TAMS 0x0000000095d00000, 0x0000000095d00000| Untracked 
| 350|0x0000000095e00000, 0x0000000095e00000, 0x0000000095f00000|  0%| F|  |TAMS 0x0000000095e00000, 0x0000000095e00000| Untracked 
| 351|0x0000000095f00000, 0x0000000095f00000, 0x0000000096000000|  0%| F|  |TAMS 0x0000000095f00000, 0x0000000095f00000| Untracked 
| 352|0x0000000096000000, 0x0000000096000000, 0x0000000096100000|  0%| F|  |TAMS 0x0000000096000000, 0x0000000096000000| Untracked 
| 353|0x0000000096100000, 0x0000000096100000, 0x0000000096200000|  0%| F|  |TAMS 0x0000000096100000, 0x0000000096100000| Untracked 
| 354|0x0000000096200000, 0x0000000096200000, 0x0000000096300000|  0%| F|  |TAMS 0x0000000096200000, 0x0000000096200000| Untracked 
| 355|0x0000000096300000, 0x0000000096300000, 0x0000000096400000|  0%| F|  |TAMS 0x0000000096300000, 0x0000000096300000| Untracked 
| 356|0x0000000096400000, 0x0000000096400000, 0x0000000096500000|  0%| F|  |TAMS 0x0000000096400000, 0x0000000096400000| Untracked 
| 357|0x0000000096500000, 0x0000000096500000, 0x0000000096600000|  0%| F|  |TAMS 0x0000000096500000, 0x0000000096500000| Untracked 
| 358|0x0000000096600000, 0x0000000096600000, 0x0000000096700000|  0%| F|  |TAMS 0x0000000096600000, 0x0000000096600000| Untracked 
| 359|0x0000000096700000, 0x0000000096700000, 0x0000000096800000|  0%| F|  |TAMS 0x0000000096700000, 0x0000000096700000| Untracked 
| 360|0x0000000096800000, 0x0000000096800000, 0x0000000096900000|  0%| F|  |TAMS 0x0000000096800000, 0x0000000096800000| Untracked 
| 361|0x0000000096900000, 0x0000000096900000, 0x0000000096a00000|  0%| F|  |TAMS 0x0000000096900000, 0x0000000096900000| Untracked 
| 362|0x0000000096a00000, 0x0000000096a00000, 0x0000000096b00000|  0%| F|  |TAMS 0x0000000096a00000, 0x0000000096a00000| Untracked 
| 363|0x0000000096b00000, 0x0000000096b00000, 0x0000000096c00000|  0%| F|  |TAMS 0x0000000096b00000, 0x0000000096b00000| Untracked 
| 364|0x0000000096c00000, 0x0000000096c00000, 0x0000000096d00000|  0%| F|  |TAMS 0x0000000096c00000, 0x0000000096c00000| Untracked 
| 365|0x0000000096d00000, 0x0000000096d00000, 0x0000000096e00000|  0%| F|  |TAMS 0x0000000096d00000, 0x0000000096d00000| Untracked 

Card table byte_map: [0x0000019954330000,0x0000019954730000] _byte_map_base: 0x0000019953f30000

Marking Bits (Prev, Next): (CMBitMap*) 0x0000019940f1f870, (CMBitMap*) 0x0000019940f1f838
 Prev Bits: [0x0000019956b30000, 0x0000019958b30000)
 Next Bits: [0x0000019954b30000, 0x0000019956b30000)

Polling page: 0x00000199406c0000

Metaspace:

Usage:
  Non-class:     85.17 MB capacity,    83.59 MB ( 98%) used,     1.26 MB (  1%) free+waste,   319.81 KB ( <1%) overhead. 
      Class:     13.59 MB capacity,    12.59 MB ( 93%) used,   885.60 KB (  6%) free+waste,   145.63 KB (  1%) overhead. 
       Both:     98.77 MB capacity,    96.18 MB ( 97%) used,     2.13 MB (  2%) free+waste,   465.44 KB ( <1%) overhead. 

Virtual space:
  Non-class space:       88.00 MB reserved,      86.43 MB ( 98%) committed 
      Class space:        1.00 GB reserved,      14.45 MB (  1%) committed 
             Both:        1.09 GB reserved,     100.88 MB (  9%) committed 

Chunk freelists:
   Non-Class:  1.19 MB
       Class:  799.00 KB
        Both:  1.97 MB

MaxMetaspaceSize: 17179869184.00 GB
CompressedClassSpaceSize: 1.00 GB

CodeHeap 'non-profiled nmethods': size=120000Kb used=7650Kb max_used=7650Kb free=112349Kb
 bounds [0x000001994c4a0000, 0x000001994cc20000, 0x00000199539d0000]
CodeHeap 'profiled nmethods': size=120000Kb used=32104Kb max_used=32104Kb free=87895Kb
 bounds [0x0000019944f70000, 0x0000019946ed0000, 0x000001994c4a0000]
CodeHeap 'non-nmethods': size=5760Kb used=2304Kb max_used=2381Kb free=3455Kb
 bounds [0x00000199449d0000, 0x0000019944c40000, 0x0000019944f70000]
 total_blobs=14541 nmethods=13629 adapters=822
 compilation: enabled
              stopped_count=0, restarted_count=0
 full_count=0

Compilation events (20 events):
Event: 10.914 Thread 0x000001995c099000 14589       2       com.android.tools.r8.graph.z::<init> (381 bytes)
Event: 10.914 Thread 0x000001995dc02800 nmethod 14445 0x000001994cc16990 code [0x000001994cc16c20, 0x000001994cc17d08]
Event: 10.914 Thread 0x000001995dc02800 14560 %     4       com.android.tools.r8.internal.ja::a @ 664 (1420 bytes)
Event: 10.916 Thread 0x000001995c099000 nmethod 14589 0x0000019946ec4e90 code [0x0000019946ec5280, 0x0000019946ec6808]
Event: 10.916 Thread 0x000001995c099000 14600       2       com.android.tools.r8.ir.regalloc.b::q (16 bytes)
Event: 10.916 Thread 0x000001995c099000 nmethod 14600 0x0000019946ec7290 code [0x0000019946ec7440, 0x0000019946ec7598]
Event: 10.916 Thread 0x000001995c099000 14601       2       com.android.tools.r8.graph.Q::d (14 bytes)
Event: 10.917 Thread 0x000001995c099000 nmethod 14601 0x0000019946ec7690 code [0x0000019946ec7860, 0x0000019946ec7a58]
Event: 10.917 Thread 0x000001995c099000 14582       2       com.android.tools.r8.graph.j0$m::d (31 bytes)
Event: 10.917 Thread 0x000001995c099000 nmethod 14582 0x0000019946ec7b90 code [0x0000019946ec7d80, 0x0000019946ec8148]
Event: 10.917 Thread 0x000001995c099000 14602       2       com.android.tools.r8.internal.Wo::a (97 bytes)
Event: 10.917 Thread 0x000001995c099000 nmethod 14602 0x0000019946ec8310 code [0x0000019946ec8500, 0x0000019946ec8738]
Event: 10.918 Thread 0x000001995c099000 14603       2       com.android.tools.r8.internal.Wo$$Lambda$1474/0x0000000100c74440::accept (12 bytes)
Event: 10.918 Thread 0x000001995c099000 nmethod 14603 0x0000019946ec8910 code [0x0000019946ec8ac0, 0x0000019946ec8c08]
Event: 10.918 Thread 0x000001995c099000 14585       2       com.android.tools.r8.graph.j0$q::<init> (6 bytes)
Event: 10.918 Thread 0x000001995c099000 nmethod 14585 0x0000019946ec8d10 code [0x0000019946ec8ec0, 0x0000019946ec8fe8]
Event: 10.918 Thread 0x000001995c099000 14586       2       com.android.tools.r8.graph.j0$q::<init> (10 bytes)
Event: 10.918 Thread 0x000001995c099000 nmethod 14586 0x0000019946ec9090 code [0x0000019946ec9240, 0x0000019946ec9418]
Event: 10.918 Thread 0x000001995c099000 14583   !   2       com.android.tools.r8.graph.j0$m::c (49 bytes)
Event: 10.919 Thread 0x000001995c099000 nmethod 14583 0x0000019946ec9490 code [0x0000019946ec9700, 0x0000019946ec9e58]

GC Heap History (20 events):
Event: 9.175 GC heap after
{Heap after GC invocations=21 (full 0):
 garbage-first heap   total 312320K, used 118376K [0x0000000080000000, 0x0000000100000000)
  region size 1024K, 4 young (4096K), 4 survivors (4096K)
 Metaspace       used 96911K, capacity 99402K, committed 102016K, reserved 1136640K
  class space    used 12810K, capacity 13775K, committed 14796K, reserved 1048576K
}
Event: 9.329 GC heap before
{Heap before GC invocations=21 (full 0):
 garbage-first heap   total 312320K, used 244328K [0x0000000080000000, 0x0000000100000000)
  region size 1024K, 127 young (130048K), 4 survivors (4096K)
 Metaspace       used 96933K, capacity 99403K, committed 102016K, reserved 1136640K
  class space    used 12810K, capacity 13775K, committed 14796K, reserved 1048576K
}
Event: 9.333 GC heap after
{Heap after GC invocations=22 (full 0):
 garbage-first heap   total 312320K, used 120330K [0x0000000080000000, 0x0000000100000000)
  region size 1024K, 6 young (6144K), 6 survivors (6144K)
 Metaspace       used 96933K, capacity 99403K, committed 102016K, reserved 1136640K
  class space    used 12810K, capacity 13775K, committed 14796K, reserved 1048576K
}
Event: 9.493 GC heap before
{Heap before GC invocations=22 (full 0):
 garbage-first heap   total 312320K, used 247306K [0x0000000080000000, 0x0000000100000000)
  region size 1024K, 131 young (134144K), 6 survivors (6144K)
 Metaspace       used 97012K, capacity 99505K, committed 102016K, reserved 1136640K
  class space    used 12818K, capacity 13788K, committed 14796K, reserved 1048576K
}
Event: 9.498 GC heap after
{Heap after GC invocations=23 (full 0):
 garbage-first heap   total 312320K, used 120424K [0x0000000080000000, 0x0000000100000000)
  region size 1024K, 6 young (6144K), 6 survivors (6144K)
 Metaspace       used 97012K, capacity 99505K, committed 102016K, reserved 1136640K
  class space    used 12818K, capacity 13788K, committed 14796K, reserved 1048576K
}
Event: 9.656 GC heap before
{Heap before GC invocations=23 (full 0):
 garbage-first heap   total 312320K, used 251496K [0x0000000080000000, 0x0000000100000000)
  region size 1024K, 135 young (138240K), 6 survivors (6144K)
 Metaspace       used 97179K, capacity 99636K, committed 102272K, reserved 1136640K
  class space    used 12821K, capacity 13789K, committed 14796K, reserved 1048576K
}
Event: 9.663 GC heap after
{Heap after GC invocations=24 (full 0):
 garbage-first heap   total 312320K, used 122583K [0x0000000080000000, 0x0000000100000000)
  region size 1024K, 9 young (9216K), 9 survivors (9216K)
 Metaspace       used 97179K, capacity 99636K, committed 102272K, reserved 1136640K
  class space    used 12821K, capacity 13789K, committed 14796K, reserved 1048576K
}
Event: 9.865 GC heap before
{Heap before GC invocations=24 (full 0):
 garbage-first heap   total 312320K, used 255703K [0x0000000080000000, 0x0000000100000000)
  region size 1024K, 139 young (142336K), 9 survivors (9216K)
 Metaspace       used 97201K, capacity 99662K, committed 102272K, reserved 1136640K
  class space    used 12826K, capacity 13798K, committed 14796K, reserved 1048576K
}
Event: 9.872 GC heap after
{Heap after GC invocations=25 (full 0):
 garbage-first heap   total 312320K, used 123487K [0x0000000080000000, 0x0000000100000000)
  region size 1024K, 9 young (9216K), 9 survivors (9216K)
 Metaspace       used 97201K, capacity 99662K, committed 102272K, reserved 1136640K
  class space    used 12826K, capacity 13798K, committed 14796K, reserved 1048576K
}
Event: 10.062 GC heap before
{Heap before GC invocations=25 (full 0):
 garbage-first heap   total 312320K, used 257631K [0x0000000080000000, 0x0000000100000000)
  region size 1024K, 141 young (144384K), 9 survivors (9216K)
 Metaspace       used 97385K, capacity 99872K, committed 102528K, reserved 1136640K
  class space    used 12828K, capacity 13801K, committed 14796K, reserved 1048576K
}
Event: 10.069 GC heap after
{Heap after GC invocations=26 (full 0):
 garbage-first heap   total 312320K, used 124848K [0x0000000080000000, 0x0000000100000000)
  region size 1024K, 11 young (11264K), 11 survivors (11264K)
 Metaspace       used 97385K, capacity 99872K, committed 102528K, reserved 1136640K
  class space    used 12828K, capacity 13801K, committed 14796K, reserved 1048576K
}
Event: 10.244 GC heap before
{Heap before GC invocations=26 (full 0):
 garbage-first heap   total 312320K, used 260016K [0x0000000080000000, 0x0000000100000000)
  region size 1024K, 143 young (146432K), 11 survivors (11264K)
 Metaspace       used 97700K, capacity 100280K, committed 102528K, reserved 1136640K
  class space    used 12881K, capacity 13917K, committed 14796K, reserved 1048576K
}
Event: 10.254 GC heap after
{Heap after GC invocations=27 (full 0):
 garbage-first heap   total 374784K, used 126230K [0x0000000080000000, 0x0000000100000000)
  region size 1024K, 11 young (11264K), 11 survivors (11264K)
 Metaspace       used 97700K, capacity 100280K, committed 102528K, reserved 1136640K
  class space    used 12881K, capacity 13917K, committed 14796K, reserved 1048576K
}
Event: 10.447 GC heap before
{Heap before GC invocations=27 (full 0):
 garbage-first heap   total 374784K, used 297238K [0x0000000080000000, 0x0000000100000000)
  region size 1024K, 179 young (183296K), 11 survivors (11264K)
 Metaspace       used 97978K, capacity 100615K, committed 102784K, reserved 1136640K
  class space    used 12882K, capacity 13919K, committed 14796K, reserved 1048576K
}
Event: 10.456 GC heap after
{Heap after GC invocations=28 (full 0):
 garbage-first heap   total 374784K, used 132428K [0x0000000080000000, 0x0000000100000000)
  region size 1024K, 17 young (17408K), 17 survivors (17408K)
 Metaspace       used 97978K, capacity 100615K, committed 102784K, reserved 1136640K
  class space    used 12882K, capacity 13919K, committed 14796K, reserved 1048576K
}
Event: 10.607 GC heap before
{Heap before GC invocations=28 (full 0):
 garbage-first heap   total 374784K, used 310604K [0x0000000080000000, 0x0000000100000000)
  region size 1024K, 191 young (195584K), 17 survivors (17408K)
 Metaspace       used 98171K, capacity 100839K, committed 103040K, reserved 1138688K
  class space    used 12889K, capacity 13921K, committed 14796K, reserved 1048576K
}
Event: 10.620 GC heap after
{Heap after GC invocations=29 (full 0):
 garbage-first heap   total 374784K, used 135724K [0x0000000080000000, 0x0000000100000000)
  region size 1024K, 16 young (16384K), 16 survivors (16384K)
 Metaspace       used 98171K, capacity 100839K, committed 103040K, reserved 1138688K
  class space    used 12889K, capacity 13921K, committed 14796K, reserved 1048576K
}
Event: 10.751 GC heap before
{Heap before GC invocations=29 (full 0):
 garbage-first heap   total 374784K, used 314924K [0x0000000080000000, 0x0000000100000000)
  region size 1024K, 191 young (195584K), 16 survivors (16384K)
 Metaspace       used 98304K, capacity 100915K, committed 103040K, reserved 1138688K
  class space    used 12889K, capacity 13921K, committed 14796K, reserved 1048576K
}
Event: 10.761 GC heap after
{Heap after GC invocations=30 (full 0):
 garbage-first heap   total 374784K, used 138595K [0x0000000080000000, 0x0000000100000000)
  region size 1024K, 15 young (15360K), 15 survivors (15360K)
 Metaspace       used 98304K, capacity 100915K, committed 103040K, reserved 1138688K
  class space    used 12889K, capacity 13921K, committed 14796K, reserved 1048576K
}
Event: 10.919 GC heap before
{Heap before GC invocations=30 (full 0):
 garbage-first heap   total 374784K, used 315747K [0x0000000080000000, 0x0000000100000000)
  region size 1024K, 189 young (193536K), 15 survivors (15360K)
 Metaspace       used 98489K, capacity 101136K, committed 103296K, reserved 1138688K
  class space    used 12889K, capacity 13921K, committed 14796K, reserved 1048576K
}

Deoptimization events (20 events):
Event: 10.823 Thread 0x0000019961c92800 DEOPT PACKING pc=0x0000019946798051 sp=0x0000004be0af9760
Event: 10.823 Thread 0x0000019961c92800 DEOPT UNPACKING pc=0x00000199449f76ce sp=0x0000004be0af8c00 mode 0
Event: 10.830 Thread 0x0000019961c89800 DEOPT PACKING pc=0x0000019946c07a17 sp=0x0000004be05f9390
Event: 10.830 Thread 0x0000019961c89800 DEOPT UNPACKING pc=0x00000199449f76ce sp=0x0000004be05f8b78 mode 0
Event: 10.835 Thread 0x0000019961c92800 DEOPT PACKING pc=0x0000019946798051 sp=0x0000004be0af9760
Event: 10.835 Thread 0x0000019961c92800 DEOPT UNPACKING pc=0x00000199449f76ce sp=0x0000004be0af8c00 mode 0
Event: 10.853 Thread 0x0000019961c8c000 Uncommon trap: trap_request=0xfffffff4 fr.pc=0x000001994cbd5424 relative=0x0000000000001084
Event: 10.853 Thread 0x0000019961c8c000 Uncommon trap: reason=null_check action=make_not_entrant pc=0x000001994cbd5424 method=com.android.tools.r8.internal.DE$$Lambda$2259/0x0000000100d19440.a(Ljava/lang/Object;Ljava/lang/Object;Lcom/android/tools/r8/internal/e8;)I @ 1 c2
Event: 10.853 Thread 0x0000019961c8c000 DEOPT PACKING pc=0x000001994cbd5424 sp=0x0000004be07f94c0
Event: 10.853 Thread 0x0000019961c8c000 DEOPT UNPACKING pc=0x00000199449f78af sp=0x0000004be07f9440 mode 2
Event: 10.869 Thread 0x0000019961c89000 DEOPT PACKING pc=0x000001994670fc01 sp=0x0000004be01f9000
Event: 10.869 Thread 0x0000019961c89000 DEOPT UNPACKING pc=0x00000199449f76ce sp=0x0000004be01f8538 mode 0
Event: 10.869 Thread 0x0000019961c8e800 DEOPT PACKING pc=0x0000019946798051 sp=0x0000004be02f9850
Event: 10.869 Thread 0x0000019961c8e800 DEOPT UNPACKING pc=0x00000199449f76ce sp=0x0000004be02f8cf0 mode 0
Event: 10.893 Thread 0x0000019961c8a800 DEOPT PACKING pc=0x0000019946479213 sp=0x0000004be03f8ed0
Event: 10.893 Thread 0x0000019961c8a800 DEOPT UNPACKING pc=0x00000199449f76ce sp=0x0000004be03f8660 mode 0
Event: 10.900 Thread 0x0000019961c89800 DEOPT PACKING pc=0x0000019946715ab8 sp=0x0000004be05f9630
Event: 10.900 Thread 0x0000019961c89800 DEOPT UNPACKING pc=0x00000199449f76ce sp=0x0000004be05f8b50 mode 0
Event: 10.901 Thread 0x0000019961c92800 DEOPT PACKING pc=0x0000019946798051 sp=0x0000004be0af9080
Event: 10.901 Thread 0x0000019961c92800 DEOPT UNPACKING pc=0x00000199449f76ce sp=0x0000004be0af8520 mode 0

Classes redefined (0 events):
No events

Internal exceptions (20 events):
Event: 9.840 Thread 0x0000019961c88000 Exception <a 'sun/nio/fs/WindowsException'{0x000000008bd90388}> (0x000000008bd90388) thrown at [./src/hotspot/share/prims/jni.cpp, line 615]
Event: 9.895 Thread 0x0000019961c88000 Exception <a 'sun/nio/fs/WindowsException'{0x0000000092225f40}> (0x0000000092225f40) thrown at [./src/hotspot/share/prims/jni.cpp, line 615]
Event: 9.944 Thread 0x0000019961c8c000 Exception <a 'sun/nio/fs/WindowsException'{0x0000000090dbe3c8}> (0x0000000090dbe3c8) thrown at [./src/hotspot/share/prims/jni.cpp, line 615]
Event: 10.074 Thread 0x0000019961c8e000 Implicit null exception at 0x000001994ca9a16f to 0x000001994ca9a2ac
Event: 10.153 Thread 0x0000019961c88000 Exception <a 'sun/nio/fs/WindowsException'{0x000000008f276bc8}> (0x000000008f276bc8) thrown at [./src/hotspot/share/prims/jni.cpp, line 615]
Event: 10.256 Thread 0x0000019961c88000 Exception <a 'sun/nio/fs/WindowsException'{0x0000000096d624f8}> (0x0000000096d624f8) thrown at [./src/hotspot/share/prims/jni.cpp, line 615]
Event: 10.256 Thread 0x0000019961c8c000 Exception <a 'sun/nio/fs/WindowsException'{0x0000000096a19670}> (0x0000000096a19670) thrown at [./src/hotspot/share/prims/jni.cpp, line 615]
Event: 10.321 Thread 0x0000019961c8c000 Exception <a 'sun/nio/fs/WindowsException'{0x000000009349cb78}> (0x000000009349cb78) thrown at [./src/hotspot/share/prims/jni.cpp, line 615]
Event: 10.346 Thread 0x0000019961c88000 Exception <a 'sun/nio/fs/WindowsException'{0x00000000920ec028}> (0x00000000920ec028) thrown at [./src/hotspot/share/prims/jni.cpp, line 615]
Event: 10.359 Thread 0x0000019961c8c000 Exception <a 'sun/nio/fs/WindowsException'{0x0000000091100dd8}> (0x0000000091100dd8) thrown at [./src/hotspot/share/prims/jni.cpp, line 615]
Event: 10.360 Thread 0x0000019961c8e000 Exception <a 'sun/nio/fs/WindowsException'{0x0000000091bbc3c0}> (0x0000000091bbc3c0) thrown at [./src/hotspot/share/prims/jni.cpp, line 615]
Event: 10.410 Thread 0x0000019961c8e000 Exception <a 'sun/nio/fs/WindowsException'{0x000000008f042118}> (0x000000008f042118) thrown at [./src/hotspot/share/prims/jni.cpp, line 615]
Event: 10.457 Thread 0x0000019961c88000 Exception <a 'sun/nio/fs/WindowsException'{0x0000000096a55570}> (0x0000000096a55570) thrown at [./src/hotspot/share/prims/jni.cpp, line 615]
Event: 10.546 Thread 0x0000019961c8c000 Exception <a 'sun/nio/fs/WindowsException'{0x0000000090a3ad30}> (0x0000000090a3ad30) thrown at [./src/hotspot/share/prims/jni.cpp, line 615]
Event: 10.604 Thread 0x0000019961c8c000 Exception <a 'sun/nio/fs/WindowsException'{0x000000008b33d068}> (0x000000008b33d068) thrown at [./src/hotspot/share/prims/jni.cpp, line 615]
Event: 10.762 Thread 0x0000019961c8e800 Implicit null exception at 0x000001994cbf189c to 0x000001994cbf6f6c
Event: 10.853 Thread 0x0000019961c8c000 Implicit null exception at 0x000001994cbd4a75 to 0x000001994cbd5412
Event: 10.864 Thread 0x0000019961c8c000 Exception <a 'sun/nio/fs/WindowsException'{0x000000008f11ca78}> (0x000000008f11ca78) thrown at [./src/hotspot/share/prims/jni.cpp, line 615]
Event: 10.886 Thread 0x0000019961c8e000 Exception <a 'sun/nio/fs/WindowsException'{0x000000008e4c2c78}> (0x000000008e4c2c78) thrown at [./src/hotspot/share/prims/jni.cpp, line 615]
Event: 10.911 Thread 0x0000019961c8c000 Exception <a 'sun/nio/fs/WindowsException'{0x000000008c752e40}> (0x000000008c752e40) thrown at [./src/hotspot/share/prims/jni.cpp, line 615]

Events (20 events):
Event: 10.464 loading class com/android/tools/r8/internal/Nj done
Event: 10.479 loading class com/android/tools/r8/graph/B0$a
Event: 10.479 loading class com/android/tools/r8/graph/B0$a done
Event: 10.487 loading class com/android/tools/r8/code/U3
Event: 10.487 loading class com/android/tools/r8/code/U3 done
Event: 10.488 loading class com/android/tools/r8/code/X3
Event: 10.488 loading class com/android/tools/r8/code/X3 done
Event: 10.488 loading class com/android/tools/r8/code/W3
Event: 10.488 loading class com/android/tools/r8/code/W3 done
Event: 10.489 loading class com/android/tools/r8/code/Y3
Event: 10.489 loading class com/android/tools/r8/code/Y3 done
Event: 10.489 loading class com/android/tools/r8/code/V3
Event: 10.489 loading class com/android/tools/r8/code/V3 done
Event: 10.606 Executing VM operation: G1CollectForAllocation
Event: 10.620 Executing VM operation: G1CollectForAllocation done
Event: 10.750 Executing VM operation: G1CollectForAllocation
Event: 10.761 Executing VM operation: G1CollectForAllocation done
Event: 10.899 Executing VM operation: ICBufferFull
Event: 10.900 Executing VM operation: ICBufferFull done
Event: 10.919 Executing VM operation: G1CollectForAllocation


Dynamic libraries:
0x00007ff7f22b0000 - 0x00007ff7f22ba000 	D:\Programs\Education\Android Studio\jre\bin\java.exe
0x00007ffdbdb70000 - 0x00007ffdbdd65000 	C:\WINDOWS\SYSTEM32\ntdll.dll
0x00007ffdbd230000 - 0x00007ffdbd2ee000 	C:\WINDOWS\System32\KERNEL32.DLL
0x00007ffdbb4d0000 - 0x00007ffdbb798000 	C:\WINDOWS\System32\KERNELBASE.dll
0x00007ffdbb800000 - 0x00007ffdbb900000 	C:\WINDOWS\System32\ucrtbase.dll
0x00007ffda87a0000 - 0x00007ffda87b7000 	D:\Programs\Education\Android Studio\jre\bin\VCRUNTIME140.dll
0x00007ffda8780000 - 0x00007ffda8799000 	D:\Programs\Education\Android Studio\jre\bin\jli.dll
0x00007ffdbd870000 - 0x00007ffdbda11000 	C:\WINDOWS\System32\USER32.dll
0x00007ffdbb9b0000 - 0x00007ffdbb9d2000 	C:\WINDOWS\System32\win32u.dll
0x00007ffdab7a0000 - 0x00007ffdaba3a000 	C:\WINDOWS\WinSxS\amd64_microsoft.windows.common-controls_6595b64144ccf1df_6.0.19041.1110_none_60b5254171f9507e\COMCTL32.dll
0x00007ffdbbbc0000 - 0x00007ffdbbbeb000 	C:\WINDOWS\System32\GDI32.dll
0x00007ffdbd4e0000 - 0x00007ffdbd57e000 	C:\WINDOWS\System32\msvcrt.dll
0x00007ffdbbab0000 - 0x00007ffdbbbbb000 	C:\WINDOWS\System32\gdi32full.dll
0x00007ffdbb9e0000 - 0x00007ffdbba7d000 	C:\WINDOWS\System32\msvcp_win.dll
0x00007ffdbc350000 - 0x00007ffdbc380000 	C:\WINDOWS\System32\IMM32.DLL
0x00007ffd81c90000 - 0x00007ffd81d2d000 	D:\Programs\Education\Android Studio\jre\bin\msvcp140.dll
0x00007ffd3a250000 - 0x00007ffd3ad1f000 	D:\Programs\Education\Android Studio\jre\bin\server\jvm.dll
0x00007ffdbc890000 - 0x00007ffdbc93c000 	C:\WINDOWS\System32\ADVAPI32.dll
0x00007ffdbd3e0000 - 0x00007ffdbd47b000 	C:\WINDOWS\System32\sechost.dll
0x00007ffdbd740000 - 0x00007ffdbd86a000 	C:\WINDOWS\System32\RPCRT4.dll
0x00007ffdbd3d0000 - 0x00007ffdbd3d8000 	C:\WINDOWS\System32\PSAPI.DLL
0x00007ffd96f30000 - 0x00007ffd96f39000 	C:\WINDOWS\SYSTEM32\WSOCK32.dll
0x00007ffdb0fe0000 - 0x00007ffdb1007000 	C:\WINDOWS\SYSTEM32\WINMM.dll
0x00007ffdbc770000 - 0x00007ffdbc7db000 	C:\WINDOWS\System32\WS2_32.dll
0x00007ffdb27e0000 - 0x00007ffdb27ea000 	C:\WINDOWS\SYSTEM32\VERSION.dll
0x00007ffdb9190000 - 0x00007ffdb91a2000 	C:\WINDOWS\SYSTEM32\kernel.appcore.dll
0x00007ffd800f0000 - 0x00007ffd80101000 	D:\Programs\Education\Android Studio\jre\bin\verify.dll
0x00007ffda8ae0000 - 0x00007ffda8cc4000 	C:\WINDOWS\SYSTEM32\DBGHELP.DLL
0x00007ffda7580000 - 0x00007ffda75ac000 	C:\WINDOWS\SYSTEM32\dbgcore.DLL
0x00007ffdbb290000 - 0x00007ffdbb313000 	C:\WINDOWS\System32\bcryptPrimitives.dll
0x00007ffd7af60000 - 0x00007ffd7af89000 	D:\Programs\Education\Android Studio\jre\bin\java.dll
0x00007ffd960c0000 - 0x00007ffd960cb000 	D:\Programs\Education\Android Studio\jre\bin\jimage.dll
0x00007ffd7f400000 - 0x00007ffd7f418000 	D:\Programs\Education\Android Studio\jre\bin\zip.dll
0x00007ffdbc940000 - 0x00007ffdbd07f000 	C:\WINDOWS\System32\SHELL32.dll
0x00007ffdb9390000 - 0x00007ffdb9b20000 	C:\WINDOWS\SYSTEM32\windows.storage.dll
0x00007ffdbc410000 - 0x00007ffdbc765000 	C:\WINDOWS\System32\combase.dll
0x00007ffdbace0000 - 0x00007ffdbad0e000 	C:\WINDOWS\SYSTEM32\Wldp.dll
0x00007ffdbda80000 - 0x00007ffdbdb2d000 	C:\WINDOWS\System32\SHCORE.dll
0x00007ffdbd480000 - 0x00007ffdbd4d5000 	C:\WINDOWS\System32\shlwapi.dll
0x00007ffdbb1d0000 - 0x00007ffdbb1ef000 	C:\WINDOWS\SYSTEM32\profapi.dll
0x00007ffd7e030000 - 0x00007ffd7e04a000 	D:\Programs\Education\Android Studio\jre\bin\net.dll
0x00007ffdb2460000 - 0x00007ffdb256c000 	C:\WINDOWS\SYSTEM32\WINHTTP.dll
0x00007ffdba9d0000 - 0x00007ffdbaa3a000 	C:\WINDOWS\system32\mswsock.dll
0x00007ffd7cf10000 - 0x00007ffd7cf24000 	D:\Programs\Education\Android Studio\jre\bin\nio.dll
0x00007ffd78580000 - 0x00007ffd785a7000 	C:\Users\ktich\.gradle\native\8bec1ad78214c89d9ad589b4d07fe93259594b29d510b10fafb7a158f7737e5d\windows-amd64\native-platform.dll
0x00007ffd4bea0000 - 0x00007ffd4bfdd000 	C:\Users\ktich\.gradle\native\53dbd7edfb1c66fb8903c78663c9afc45aea4f116125fa6feffd364cf09443e8\windows-amd64\native-platform-file-events.dll
0x00007ffd93930000 - 0x00007ffd9393a000 	D:\Programs\Education\Android Studio\jre\bin\management.dll
0x00007ffd8eab0000 - 0x00007ffd8eabc000 	D:\Programs\Education\Android Studio\jre\bin\management_ext.dll
0x00007ffdbabe0000 - 0x00007ffdbabf8000 	C:\WINDOWS\SYSTEM32\CRYPTSP.dll
0x00007ffdba350000 - 0x00007ffdba384000 	C:\WINDOWS\system32\rsaenh.dll
0x00007ffdbba80000 - 0x00007ffdbbaa7000 	C:\WINDOWS\System32\bcrypt.dll
0x00007ffdbb190000 - 0x00007ffdbb1be000 	C:\WINDOWS\SYSTEM32\USERENV.dll
0x00007ffdbac00000 - 0x00007ffdbac0c000 	C:\WINDOWS\SYSTEM32\CRYPTBASE.dll
0x00007ffdba6c0000 - 0x00007ffdba6fb000 	C:\WINDOWS\SYSTEM32\IPHLPAPI.DLL
0x00007ffdbc400000 - 0x00007ffdbc408000 	C:\WINDOWS\System32\NSI.dll
0x00007ffdb28c0000 - 0x00007ffdb28d7000 	C:\WINDOWS\SYSTEM32\dhcpcsvc6.DLL
0x00007ffdb2eb0000 - 0x00007ffdb2ecd000 	C:\WINDOWS\SYSTEM32\dhcpcsvc.DLL
0x00007ffdba700000 - 0x00007ffdba7cb000 	C:\WINDOWS\SYSTEM32\DNSAPI.dll

dbghelp: loaded successfully - version: 4.0.5 - missing functions: none
symbol engine: initialized successfully - sym options: 0x614 - pdb path: .;D:\Programs\Education\Android Studio\jre\bin;C:\WINDOWS\SYSTEM32;C:\WINDOWS\WinSxS\amd64_microsoft.windows.common-controls_6595b64144ccf1df_6.0.19041.1110_none_60b5254171f9507e;D:\Programs\Education\Android Studio\jre\bin\server;C:\Users\ktich\.gradle\native\8bec1ad78214c89d9ad589b4d07fe93259594b29d510b10fafb7a158f7737e5d\windows-amd64;C:\Users\ktich\.gradle\native\53dbd7edfb1c66fb8903c78663c9afc45aea4f116125fa6feffd364cf09443e8\windows-amd64

VM Arguments:
jvm_args: --add-opens=java.base/java.util=ALL-UNNAMED --add-opens=java.base/java.lang=ALL-UNNAMED --add-opens=java.base/java.lang.invoke=ALL-UNNAMED --add-opens=java.base/java.util=ALL-UNNAMED --add-opens=java.prefs/java.util.prefs=ALL-UNNAMED --add-opens=java.prefs/java.util.prefs=ALL-UNNAMED --add-opens=java.base/java.nio.charset=ALL-UNNAMED --add-opens=java.base/java.net=ALL-UNNAMED --add-opens=java.base/java.util.concurrent.atomic=ALL-UNNAMED -Xmx2048m -Dfile.encoding=UTF-8 -Duser.country=US -Duser.language=en -Duser.variant 
java_command: org.gradle.launcher.daemon.bootstrap.GradleDaemon 7.0.2
java_class_path (initial): C:\Users\ktich\.gradle\wrapper\dists\gradle-7.0.2-bin\857tjihv64xamwrf0h14cai3r\gradle-7.0.2\lib\gradle-launcher-7.0.2.jar
Launcher Type: SUN_STANDARD

[Global flags]
     intx CICompilerCount                          = 4                                         {product} {ergonomic}
     uint ConcGCThreads                            = 3                                         {product} {ergonomic}
     uint G1ConcRefinementThreads                  = 10                                        {product} {ergonomic}
   size_t G1HeapRegionSize                         = 1048576                                   {product} {ergonomic}
    uintx GCDrainStackTargetSize                   = 64                                        {product} {ergonomic}
   size_t InitialHeapSize                          = 266338304                                 {product} {ergonomic}
   size_t MarkStackSize                            = 4194304                                   {product} {ergonomic}
   size_t MaxHeapSize                              = 2147483648                                {product} {command line}
   size_t MaxNewSize                               = 1287651328                                {product} {ergonomic}
   size_t MinHeapDeltaBytes                        = 1048576                                   {product} {ergonomic}
    uintx NonNMethodCodeHeapSize                   = 5836300                                {pd product} {ergonomic}
    uintx NonProfiledCodeHeapSize                  = 122910970                              {pd product} {ergonomic}
    uintx ProfiledCodeHeapSize                     = 122910970                              {pd product} {ergonomic}
    uintx ReservedCodeCacheSize                    = 251658240                              {pd product} {ergonomic}
     bool SegmentedCodeCache                       = true                                      {product} {ergonomic}
     bool UseCompressedClassPointers               = true                                 {lp64_product} {ergonomic}
     bool UseCompressedOops                        = true                                 {lp64_product} {ergonomic}
     bool UseG1GC                                  = true                                      {product} {ergonomic}
     bool UseLargePagesIndividualAllocation        = false                                  {pd product} {ergonomic}

Logging:
Log output configuration:
 #0: stdout all=warning uptime,level,tags
 #1: stderr all=off uptime,level,tags

Environment Variables:
PATH=D:\Programs\Education\ImageMagick-7.1.0-Q16-HDRI;C:\Python310\Scripts\;C:\Python310\;C:\Program Files (x86)\Common Files\Oracle\Java\javapath;C:\Users\ktich\Documents\Red River\Programing\jdk-11.0.1\bin;C:\Program Files (x86)\Intel\Intel(R) Management Engine Components\iCLS\;C:\Program Files\Intel\Intel(R) Management Engine Components\iCLS\;C:\Windows\system32;C:\Windows;C:\Windows\System32\Wbem;C:\Windows\System32\WindowsPowerShell\v1.0\;C:\Windows\System32\OpenSSH\;C:\Program Files (x86)\Intel\Intel(R) Management Engine Components\DAL;C:\Program Files\Intel\Intel(R) Management Engine Components\DAL;C:\Program Files (x86)\Intel\Intel(R) Management Engine Components\IPT;C:\Program Files\Intel\Intel(R) Management Engine Components\IPT;C:\Program Files (x86)\NVIDIA Corporation\PhysX\Common;C:\Program Files\jdk-11.0.1\bin;C:\WINDOWS\system32;C:\WINDOWS;C:\WINDOWS\System32\Wbem;C:\WINDOWS\System32\WindowsPowerShell\v1.0\;C:\WINDOWS\System32\OpenSSH\;C:\Program Files\dotnet\;C:\Program Files\Microsoft SQL Server\Client SDK\ODBC\170\Tools\Binn\;C:\Program Files (x86)\Microsoft SQL Server\150\Tools\Binn\;C:\Program Files\Microsoft SQL Server\150\Tools\Binn\;C:\Program Files\Microsoft SQL Server\150\DTS\Binn\;C:\Program Files\Microsoft SQL Server\130\Tools\Binn\;C:\Program Files (x86)\Microsoft SQL Server\150\DTS\Binn\;C:\Program Files\Git\cmd;D:\Programs\Education\Node\;C:\ProgramData\chocolatey\bin;D:\Programs\Education\Python\Scripts\;D:\Programs\Education\Python\;C:\Users\ktich\AppData\Local\Microsoft\WindowsApps;C:\Users\ktich\.dotnet\tools;D:\Programs\Education\Microsoft VS Code\bin;C:\Users\ktich\AppData\Roaming\npm
USERNAME=ktich
OS=Windows_NT
PROCESSOR_IDENTIFIER=Intel64 Family 6 Model 158 Stepping 10, GenuineIntel



---------------  S Y S T E M  ---------------

OS: Windows 10 , 64 bit Build 19041 (10.0.19041.1348)
OS uptime: 11 days 3:24 hours

CPU:total 12 (initial active 12) (6 cores per cpu, 2 threads per core) family 6 model 158 stepping 10 microcode 0xb4, cmov, cx8, fxsr, mmx, sse, sse2, sse3, ssse3, sse4.1, sse4.2, popcnt, avx, avx2, aes, clmul, erms, 3dnowpref, lzcnt, ht, tsc, tscinvbit, bmi1, bmi2, adx, fma

Memory: 4k page, system-wide physical 16226M (587M free)
TotalPageFile size 31345M (AvailPageFile size 116M)
current process WorkingSet (physical memory assigned to process): 729M, peak: 737M
current process commit charge ("private bytes"): 807M, peak: 940M

vm_info: OpenJDK 64-Bit Server VM (11.0.10+0-b96-7249189) for windows-amd64 JRE (11.0.10+0-b96-7249189), built on Mar 31 2021 21:44:00 by "builder" with MS VC++ 14.0 (VS2015)

END.
